#
# A fatal error has been detected by the Java Runtime Environment:
#
#  SIGSEGV (0xb) at pc=0x00007f338f97889b, pid=3511168, tid=3511196
#
# JRE version: OpenJDK Runtime Environment (11.0.14.1+1) (build 11.0.14.1+1-Ubuntu-0ubuntu1.20.04)
# Java VM: OpenJDK 64-Bit Server VM (11.0.14.1+1-Ubuntu-0ubuntu1.20.04, mixed mode, sharing, tiered, compressed oops, g1 gc, linux-amd64)
# Problematic frame:
# V  [libjvm.so+0x79389b]
#
# Core dump will be written. Default location: Core dumps may be processed with "/usr/share/apport/apport %p %s %c %d %P %E" (or dumping to /home/k21050800/Documents/coursework-group-18/uk.ac.kcl.farm/core.3511168)
#
# If you would like to submit a bug report, please visit:
#   https://bugs.launchpad.net/ubuntu/+source/openjdk-lts
#

---------------  S U M M A R Y ------------

Command Line: -Dfile.encoding=UTF-8 org.eclipse.emf.mwe2.launch.runtime.Mwe2Launcher src/uk/ac/kcl/farm/GenerateFarm.mwe2

Host: Intel(R) Core(TM) i7-7700 CPU @ 3.60GHz, 8 cores, 15G, Ubuntu 20.04.2 LTS
Time: Thu Apr 14 12:32:39 2022 BST elapsed time: 2.945404 seconds (0d 0h 0m 2s)

---------------  T H R E A D  ---------------

Current thread (0x00007f3350007000):  GCTaskThread "GC Thread#5" [stack: 0x00007f335c17a000,0x00007f335c27a000] [id=3511196]

Stack: [0x00007f335c17a000,0x00007f335c27a000],  sp=0x00007f335c278920,  free space=1018k
Native frames: (J=compiled Java code, A=aot compiled Java code, j=interpreted, Vv=VM code, C=native code)
V  [libjvm.so+0x79389b]
V  [libjvm.so+0x791c73]
V  [libjvm.so+0x78f6cb]
V  [libjvm.so+0x7a2a8d]
V  [libjvm.so+0x70288f]
V  [libjvm.so+0x746382]
V  [libjvm.so+0x79dbaf]
V  [libjvm.so+0x79dd20]
V  [libjvm.so+0x756922]
V  [libjvm.so+0xec0d1d]
V  [libjvm.so+0xe27d20]
V  [libjvm.so+0xbe64d6]


siginfo: si_signo: 11 (SIGSEGV), si_code: 128 (SI_KERNEL), si_addr: 0x0000000000000000

Register to memory mapping:

RAX=0x2f6c6974752f6176 is an unknown value
RBX=0x0000000708a74de8 points into unknown readable memory: 0x0000000000004000 | 00 40 00 00 00 00 00 00
RCX=0x00007f3388022700 points into unknown readable memory: 0x00000008003cc568 | 68 c5 3c 00 08 00 00 00
RDX=0x0 is NULL
RSP=0x00007f335c278920 points into unknown readable memory: 0x000000000000001a | 1a 00 00 00 00 00 00 00
RBP=0x00007f335c278970 points into unknown readable memory: 0x00007f335c278a00 | 00 8a 27 5c 33 7f 00 00
RSI=0x00007f338801ddb0 points into unknown readable memory: 0x00007f33903ff078 | 78 f0 3f 90 33 7f 00 00
RDI=0x0 is NULL
R8 =0x00000008003b2320 is pointing into metadata
R9 =0x00007f3310002d30 points into unknown readable memory: 0x00007f3390354fd0 | d0 4f 35 90 33 7f 00 00
R10=0x00007f3388018015 points into unknown readable memory: 00 00 00
R11=0x0000000000000002 is an unknown value
R12=0x0 is NULL
R13=0x0000000708a74dc0 points into unknown readable memory: 0xe28ce95be2821d68 | 68 1d 82 e2 5b e9 8c e2
R14=0x00007f3310002ea0 points into unknown readable memory: 0x00007f3390354f90 | 90 4f 35 90 33 7f 00 00
R15=0x00000008003b2330 is pointing into metadata


Registers:
RAX=0x2f6c6974752f6176, RBX=0x0000000708a74de8, RCX=0x00007f3388022700, RDX=0x0000000000000000
RSP=0x00007f335c278920, RBP=0x00007f335c278970, RSI=0x00007f338801ddb0, RDI=0x0000000000000000
R8 =0x00000008003b2320, R9 =0x00007f3310002d30, R10=0x00007f3388018015, R11=0x0000000000000002
R12=0x0000000000000000, R13=0x0000000708a74dc0, R14=0x00007f3310002ea0, R15=0x00000008003b2330
RIP=0x00007f338f97889b, EFLAGS=0x0000000000010246, CSGSFS=0x002b000000000033, ERR=0x0000000000000000
  TRAPNO=0x000000000000000d

Top of Stack: (sp=0x00007f335c278920)
0x00007f335c278920:   000000000000001a 00007f335c2789ce
0x00007f335c278930:   00007f339045c3a8 0000000708a74d98
0x00007f335c278940:   00007f3350007000 000000000000000b
0x00007f335c278950:   000000071410f9a0 00007f3310002d30 

Instructions: (pc=0x00007f338f97889b)
0x00007f338f97879b:   56 49 89 fe 48 89 d7 41 55 41 54 53 48 89 d3 48
0x00007f338f9787ab:   83 ec 28 48 89 75 c8 e8 59 fb 28 00 48 63 93 34
0x00007f338f9787bb:   01 00 00 49 89 c0 48 63 83 c4 00 00 00 48 01 d0
0x00007f338f9787cb:   4d 8d 04 c0 8b 83 30 01 00 00 4d 8d 3c c0 4d 39
0x00007f338f9787db:   c7 0f 86 37 01 00 00 45 31 e4 0f 1f 00 41 8b 47
0x00007f338f9787eb:   fc 4d 63 6f f8 49 83 ef 08 4c 03 6d c8 49 8d 5c
0x00007f338f9787fb:   85 00 0f 1f 00 4c 39 eb 0f 86 07 01 00 00 8b 43
0x00007f338f97880b:   fc 48 83 eb 04 85 c0 74 ec 48 8d 35 85 50 ab 00
0x00007f338f97881b:   8b 4e 08 48 d3 e0 48 03 06 49 8b 76 10 48 89 c2
0x00007f338f97882b:   8b 8e f0 06 00 00 48 8b be e0 06 00 00 48 d3 ea
0x00007f338f97883b:   0f b6 3c 17 40 84 ff 0f 8f e8 00 00 00 48 8d 0d
0x00007f338f97884b:   cd 33 ae 00 49 89 c1 49 31 d9 8b 09 49 d3 e9 4d
0x00007f338f97885b:   85 c9 74 a1 40 80 ff ff 0f 84 67 01 00 00 49 8b
0x00007f338f97886b:   4e 20 8b 89 04 01 00 00 83 e1 02 75 88 4d 8b 4e
0x00007f338f97887b:   18 49 8b 71 08 8b 8e c0 02 00 00 48 d3 e8 48 8b
0x00007f338f97888b:   8e b0 02 00 00 48 8b 04 c1 48 8b 80 f8 00 00 00
0x00007f338f97889b:   8b 80 18 01 00 00 85 c0 0f 84 57 ff ff ff 49 8b
0x00007f338f9788ab:   79 50 48 89 d9 4c 89 45 c0 48 c1 e9 09 4c 89 4d
0x00007f338f9788bb:   b8 48 03 4f 48 48 2b 4f 40 48 89 ce 48 89 4d b0
0x00007f338f9788cb:   e8 30 e9 fa ff 4c 8b 45 c0 84 c0 0f 84 24 ff ff
0x00007f338f9788db:   ff 4c 8b 4d b8 41 80 79 28 00 0f 84 15 ff ff ff
0x00007f338f9788eb:   49 8b 41 50 48 8b 4d b0 49 8d 79 18 48 8b 70 40
0x00007f338f9788fb:   48 01 ce e8 ad d0 4d 00 4c 8b 45 c0 4c 39 eb 0f
0x00007f338f97890b:   87 f9 fe ff ff 4d 39 c7 0f 87 cf fe ff ff 48 83
0x00007f338f97891b:   c4 28 5b 41 5c 41 5d 41 5e 41 5f 5d c3 0f 1f 84
0x00007f338f97892b:   00 00 00 00 00 42 0f 18 0c 20 b9 10 00 00 00 0f
0x00007f338f97893b:   18 0c 08 49 8b 46 18 49 89 d9 49 83 c9 01 48 8b
0x00007f338f97894b:   40 10 8b 30 8b 88 80 00 00 00 89 f2 29 ca 89 d1
0x00007f338f97895b:   81 e1 ff ff 01 00 81 f9 fd ff 01 00 76 3f 81 f9
0x00007f338f97896b:   ff ff 01 00 0f 84 93 00 00 00 48 8b 88 b0 00 00
0x00007f338f97897b:   00 48 3b 88 98 00 00 00 0f 84 a7 00 00 00 48 8b
0x00007f338f97898b:   b0 c8 00 00 00 4c 89 0c ce 48 83 80 b0 00 00 00 


Stack slot to memory mapping:
stack at sp + 0 slots: 0x000000000000001a is an unknown value
stack at sp + 1 slots: 0x00007f335c2789ce points into unknown readable memory: 00 00
stack at sp + 2 slots: 0x00007f339045c3a8: <offset 0x00000000012773a8> in /usr/lib/jvm/java-11-openjdk-amd64/lib/server/libjvm.so at 0x00007f338f1e5000
stack at sp + 3 slots: 0x0000000708a74d98 points into unknown readable memory: 0x00007f3388018015 | 15 80 01 88 33 7f 00 00
stack at sp + 4 slots: 0x00007f3350007000 points into unknown readable memory: 0x00007f339040a888 | 88 a8 40 90 33 7f 00 00
stack at sp + 5 slots: 0x000000000000000b is an unknown value
stack at sp + 6 slots: 0x000000071410f9a0 points into unknown readable memory: 0x0000000708a74d9b | 9b 4d a7 08 07 00 00 00
stack at sp + 7 slots: 0x00007f3310002d30 points into unknown readable memory: 0x00007f3390354fd0 | d0 4f 35 90 33 7f 00 00


---------------  P R O C E S S  ---------------

Threads class SMR info:
_java_thread_list=0x00007f33385ddb20, length=12, elements={
0x00007f3388018000, 0x00007f338820f000, 0x00007f3388211800, 0x00007f3388217000,
0x00007f3388219000, 0x00007f338821b000, 0x00007f338821e000, 0x00007f3388220000,
0x00007f3388273000, 0x00007f33884aa000, 0x00007f33385db000, 0x00007f33385dd000
}

Java Threads: ( => current thread )
  0x00007f3388018000 JavaThread "main" [_thread_blocked, id=3511174, stack(0x00007f338ed98000,0x00007f338ee99000)]
  0x00007f338820f000 JavaThread "Reference Handler" daemon [_thread_blocked, id=3511181, stack(0x00007f335d5fd000,0x00007f335d6fe000)]
  0x00007f3388211800 JavaThread "Finalizer" daemon [_thread_blocked, id=3511182, stack(0x00007f335d4fc000,0x00007f335d5fd000)]
  0x00007f3388217000 JavaThread "Signal Dispatcher" daemon [_thread_blocked, id=3511183, stack(0x00007f335ce8b000,0x00007f335cf8c000)]
  0x00007f3388219000 JavaThread "Service Thread" daemon [_thread_blocked, id=3511184, stack(0x00007f335cd8a000,0x00007f335ce8b000)]
  0x00007f338821b000 JavaThread "C2 CompilerThread0" daemon [_thread_blocked, id=3511185, stack(0x00007f335cc89000,0x00007f335cd8a000)]
  0x00007f338821e000 JavaThread "C1 CompilerThread0" daemon [_thread_blocked, id=3511186, stack(0x00007f335cb88000,0x00007f335cc89000)]
  0x00007f3388220000 JavaThread "Sweeper thread" daemon [_thread_blocked, id=3511187, stack(0x00007f335ca87000,0x00007f335cb88000)]
  0x00007f3388273000 JavaThread "Common-Cleaner" daemon [_thread_blocked, id=3511189, stack(0x00007f335c884000,0x00007f335c985000)]
  0x00007f33884aa000 JavaThread "EMF Reference Cleaner" daemon [_thread_blocked, id=3511198, stack(0x00007f330beff000,0x00007f330c000000)]
  0x00007f33385db000 JavaThread "C2 CompilerThread1" daemon [_thread_blocked, id=3511204, stack(0x00007f335c783000,0x00007f335c884000)]
  0x00007f33385dd000 JavaThread "C2 CompilerThread2" daemon [_thread_blocked, id=3511205, stack(0x00007f335c682000,0x00007f335c783000)]

Other Threads:
  0x00007f338820c800 VMThread "VM Thread" [stack: 0x00007f335d700000,0x00007f335d800000] [id=3511180]
  0x00007f3388270800 WatcherThread [stack: 0x00007f335c987000,0x00007f335ca87000] [id=3511188]
  0x00007f3388031800 GCTaskThread "GC Thread#0" [stack: 0x00007f338e205000,0x00007f338e305000] [id=3511175]
  0x00007f3350001000 GCTaskThread "GC Thread#1" [stack: 0x00007f335c582000,0x00007f335c682000] [id=3511192]
  0x00007f3350002800 GCTaskThread "GC Thread#2" [stack: 0x00007f335c480000,0x00007f335c580000] [id=3511193]
  0x00007f3350004000 GCTaskThread "GC Thread#3" [stack: 0x00007f335c37e000,0x00007f335c47e000] [id=3511194]
  0x00007f3350005800 GCTaskThread "GC Thread#4" [stack: 0x00007f335c27c000,0x00007f335c37c000] [id=3511195]
=>0x00007f3350007000 GCTaskThread "GC Thread#5" [stack: 0x00007f335c17a000,0x00007f335c27a000] [id=3511196]
  0x00007f338808f800 ConcurrentGCThread "G1 Main Marker" [stack: 0x00007f338c0bb000,0x00007f338c1bb000] [id=3511176]
  0x00007f3388091000 ConcurrentGCThread "G1 Conc#0" [stack: 0x00007f337073d000,0x00007f337083d000] [id=3511177]
  0x00007f3360001000 ConcurrentGCThread "G1 Conc#1" [stack: 0x00007f330b1ff000,0x00007f330b2ff000] [id=3511203]
  0x00007f338818f000 ConcurrentGCThread "G1 Refine#0" [stack: 0x00007f33641ff000,0x00007f33642ff000] [id=3511178]
  0x00007f3354001000 ConcurrentGCThread "G1 Refine#1" [stack: 0x00007f335c078000,0x00007f335c178000] [id=3511197]
  0x00007f3388191000 ConcurrentGCThread "G1 Young RemSet Sampling" [stack: 0x00007f33640fd000,0x00007f33641fd000] [id=3511179]

Threads with active compile tasks:
C2 CompilerThread0   3778 5227       4       org.eclipse.emf.ecore.util.EcoreUtil$Copier::copy (139 bytes)
C1 CompilerThread0   3783 5321       3       org.eclipse.xtext.serializer.analysis.ContextPDAProvider::collectExtracted (314 bytes)
C2 CompilerThread1   3788 5215       4       org.eclipse.emf.common.util.URI::createURIWithCache (45 bytes)
C2 CompilerThread2   3793 5217       4       org.eclipse.emf.common.util.URI::createURI (5 bytes)

VM state:at safepoint (normal execution)

VM Mutex/Monitor currently owned by a thread:  ([mutex/lock_event])
[0x00007f3388014270] Threads_lock - owner thread: 0x00007f338820c800
[0x00007f3388014a50] Heap_lock - owner thread: 0x00007f3388018000

Heap address: 0x0000000708000000, size: 3968 MB, Compressed Oops mode: Zero based, Oop shift amount: 3
Narrow klass base: 0x0000000800000000, Narrow klass shift: 3
Compressed class space size: 1073741824 Address: 0x0000000840000000

Heap:
 garbage-first heap   total 256000K, used 101203K [0x0000000708000000, 0x0000000800000000)
  region size 1024K, 92 young (94208K), 11 survivors (11264K)
 Metaspace       used 29323K, capacity 29686K, committed 29952K, reserved 1075200K
  class space    used 3441K, capacity 3577K, committed 3584K, reserved 1048576K
Heap Regions: E=young(eden), S=young(survivor), O=old, HS=humongous(starts), HC=humongous(continues), CS=collection set, F=free, A=archive, TAMS=top-at-mark-start (previous, next)
|   0|0x0000000708000000, 0x0000000708100000, 0x0000000708100000|100%| O|  |TAMS 0x0000000708100000, 0x0000000708000000| Untracked 
|   1|0x0000000708100000, 0x0000000708200000, 0x0000000708200000|100%| O|  |TAMS 0x0000000708200000, 0x0000000708100000| Untracked 
|   2|0x0000000708200000, 0x0000000708300000, 0x0000000708300000|100%| O|  |TAMS 0x0000000708300000, 0x0000000708200000| Untracked 
|   3|0x0000000708300000, 0x0000000708400000, 0x0000000708400000|100%| O|  |TAMS 0x0000000708400000, 0x0000000708300000| Untracked 
|   4|0x0000000708400000, 0x0000000708500000, 0x0000000708500000|100%| O|  |TAMS 0x0000000708500000, 0x0000000708400000| Untracked 
|   5|0x0000000708500000, 0x0000000708600000, 0x0000000708600000|100%| O|  |TAMS 0x0000000708600000, 0x0000000708500000| Untracked 
|   6|0x0000000708600000, 0x0000000708700000, 0x0000000708700000|100%| O|  |TAMS 0x0000000708700000, 0x0000000708600000| Untracked 
|   7|0x0000000708700000, 0x0000000708800000, 0x0000000708800000|100%| O|  |TAMS 0x0000000708800000, 0x0000000708700000| Untracked 
|   8|0x0000000708800000, 0x0000000708900000, 0x0000000708900000|100%| O|  |TAMS 0x0000000708828600, 0x0000000708800000| Untracked 
|   9|0x0000000708900000, 0x0000000708a00000, 0x0000000708a00000|100%|HS|  |TAMS 0x0000000708900000, 0x0000000708900000| Complete 
|  10|0x0000000708a00000, 0x0000000708b00000, 0x0000000708b00000|100%| O|  |TAMS 0x0000000708a00000, 0x0000000708a00000| Untracked 
|  11|0x0000000708b00000, 0x0000000708c00000, 0x0000000708c00000|100%| O|  |TAMS 0x0000000708b00000, 0x0000000708b00000| Untracked 
|  12|0x0000000708c00000, 0x0000000708c6ffc0, 0x0000000708d00000| 43%| O|  |TAMS 0x0000000708c00000, 0x0000000708c00000| Untracked 
|  13|0x0000000708d00000, 0x0000000708d00000, 0x0000000708e00000|  0%| F|  |TAMS 0x0000000708d00000, 0x0000000708d00000| Untracked 
|  14|0x0000000708e00000, 0x0000000708e00000, 0x0000000708f00000|  0%| F|  |TAMS 0x0000000708e00000, 0x0000000708e00000| Untracked 
|  15|0x0000000708f00000, 0x0000000708f00000, 0x0000000709000000|  0%| F|  |TAMS 0x0000000708f00000, 0x0000000708f00000| Untracked 
|  16|0x0000000709000000, 0x0000000709000000, 0x0000000709100000|  0%| F|  |TAMS 0x0000000709000000, 0x0000000709000000| Untracked 
|  17|0x0000000709100000, 0x0000000709100000, 0x0000000709200000|  0%| F|  |TAMS 0x0000000709100000, 0x0000000709100000| Untracked 
|  18|0x0000000709200000, 0x0000000709200000, 0x0000000709300000|  0%| F|  |TAMS 0x0000000709200000, 0x0000000709200000| Untracked 
|  19|0x0000000709300000, 0x0000000709300000, 0x0000000709400000|  0%| F|  |TAMS 0x0000000709300000, 0x0000000709300000| Untracked 
|  20|0x0000000709400000, 0x0000000709400000, 0x0000000709500000|  0%| F|  |TAMS 0x0000000709400000, 0x0000000709400000| Untracked 
|  21|0x0000000709500000, 0x0000000709500000, 0x0000000709600000|  0%| F|  |TAMS 0x0000000709500000, 0x0000000709500000| Untracked 
|  22|0x0000000709600000, 0x0000000709600000, 0x0000000709700000|  0%| F|  |TAMS 0x0000000709600000, 0x0000000709600000| Untracked 
|  23|0x0000000709700000, 0x0000000709700000, 0x0000000709800000|  0%| F|  |TAMS 0x0000000709700000, 0x0000000709700000| Untracked 
|  24|0x0000000709800000, 0x0000000709800000, 0x0000000709900000|  0%| F|  |TAMS 0x0000000709800000, 0x0000000709800000| Untracked 
|  25|0x0000000709900000, 0x0000000709900000, 0x0000000709a00000|  0%| F|  |TAMS 0x0000000709900000, 0x0000000709900000| Untracked 
|  26|0x0000000709a00000, 0x0000000709a00000, 0x0000000709b00000|  0%| F|  |TAMS 0x0000000709a00000, 0x0000000709a00000| Untracked 
|  27|0x0000000709b00000, 0x0000000709b00000, 0x0000000709c00000|  0%| F|  |TAMS 0x0000000709b00000, 0x0000000709b00000| Untracked 
|  28|0x0000000709c00000, 0x0000000709c00000, 0x0000000709d00000|  0%| F|  |TAMS 0x0000000709c00000, 0x0000000709c00000| Untracked 
|  29|0x0000000709d00000, 0x0000000709d00000, 0x0000000709e00000|  0%| F|  |TAMS 0x0000000709d00000, 0x0000000709d00000| Untracked 
|  30|0x0000000709e00000, 0x0000000709e00000, 0x0000000709f00000|  0%| F|  |TAMS 0x0000000709e00000, 0x0000000709e00000| Untracked 
|  31|0x0000000709f00000, 0x0000000709f00000, 0x000000070a000000|  0%| F|  |TAMS 0x0000000709f00000, 0x0000000709f00000| Untracked 
|  32|0x000000070a000000, 0x000000070a000000, 0x000000070a100000|  0%| F|  |TAMS 0x000000070a000000, 0x000000070a000000| Untracked 
|  33|0x000000070a100000, 0x000000070a100000, 0x000000070a200000|  0%| F|  |TAMS 0x000000070a100000, 0x000000070a100000| Untracked 
|  34|0x000000070a200000, 0x000000070a200000, 0x000000070a300000|  0%| F|  |TAMS 0x000000070a200000, 0x000000070a200000| Untracked 
|  35|0x000000070a300000, 0x000000070a300000, 0x000000070a400000|  0%| F|  |TAMS 0x000000070a300000, 0x000000070a300000| Untracked 
|  36|0x000000070a400000, 0x000000070a400000, 0x000000070a500000|  0%| F|  |TAMS 0x000000070a400000, 0x000000070a400000| Untracked 
|  37|0x000000070a500000, 0x000000070a500000, 0x000000070a600000|  0%| F|  |TAMS 0x000000070a500000, 0x000000070a500000| Untracked 
|  38|0x000000070a600000, 0x000000070a600000, 0x000000070a700000|  0%| F|  |TAMS 0x000000070a600000, 0x000000070a600000| Untracked 
|  39|0x000000070a700000, 0x000000070a700000, 0x000000070a800000|  0%| F|  |TAMS 0x000000070a700000, 0x000000070a700000| Untracked 
|  40|0x000000070a800000, 0x000000070a800000, 0x000000070a900000|  0%| F|  |TAMS 0x000000070a800000, 0x000000070a800000| Untracked 
|  41|0x000000070a900000, 0x000000070a900000, 0x000000070aa00000|  0%| F|  |TAMS 0x000000070a900000, 0x000000070a900000| Untracked 
|  42|0x000000070aa00000, 0x000000070aa00000, 0x000000070ab00000|  0%| F|  |TAMS 0x000000070aa00000, 0x000000070aa00000| Untracked 
|  43|0x000000070ab00000, 0x000000070ab00000, 0x000000070ac00000|  0%| F|  |TAMS 0x000000070ab00000, 0x000000070ab00000| Untracked 
|  44|0x000000070ac00000, 0x000000070ac00000, 0x000000070ad00000|  0%| F|  |TAMS 0x000000070ac00000, 0x000000070ac00000| Untracked 
|  45|0x000000070ad00000, 0x000000070ad00000, 0x000000070ae00000|  0%| F|  |TAMS 0x000000070ad00000, 0x000000070ad00000| Untracked 
|  46|0x000000070ae00000, 0x000000070ae00000, 0x000000070af00000|  0%| F|  |TAMS 0x000000070ae00000, 0x000000070ae00000| Untracked 
|  47|0x000000070af00000, 0x000000070af00000, 0x000000070b000000|  0%| F|  |TAMS 0x000000070af00000, 0x000000070af00000| Untracked 
|  48|0x000000070b000000, 0x000000070b000000, 0x000000070b100000|  0%| F|  |TAMS 0x000000070b000000, 0x000000070b000000| Untracked 
|  49|0x000000070b100000, 0x000000070b100000, 0x000000070b200000|  0%| F|  |TAMS 0x000000070b100000, 0x000000070b100000| Untracked 
|  50|0x000000070b200000, 0x000000070b200000, 0x000000070b300000|  0%| F|  |TAMS 0x000000070b200000, 0x000000070b200000| Untracked 
|  51|0x000000070b300000, 0x000000070b300000, 0x000000070b400000|  0%| F|  |TAMS 0x000000070b300000, 0x000000070b300000| Untracked 
|  52|0x000000070b400000, 0x000000070b400000, 0x000000070b500000|  0%| F|  |TAMS 0x000000070b400000, 0x000000070b400000| Untracked 
|  53|0x000000070b500000, 0x000000070b500000, 0x000000070b600000|  0%| F|  |TAMS 0x000000070b500000, 0x000000070b500000| Untracked 
|  54|0x000000070b600000, 0x000000070b600000, 0x000000070b700000|  0%| F|  |TAMS 0x000000070b600000, 0x000000070b600000| Untracked 
|  55|0x000000070b700000, 0x000000070b700000, 0x000000070b800000|  0%| F|  |TAMS 0x000000070b700000, 0x000000070b700000| Untracked 
|  56|0x000000070b800000, 0x000000070b800000, 0x000000070b900000|  0%| F|  |TAMS 0x000000070b800000, 0x000000070b800000| Untracked 
|  57|0x000000070b900000, 0x000000070b900000, 0x000000070ba00000|  0%| F|  |TAMS 0x000000070b900000, 0x000000070b900000| Untracked 
|  58|0x000000070ba00000, 0x000000070ba00000, 0x000000070bb00000|  0%| F|  |TAMS 0x000000070ba00000, 0x000000070ba00000| Untracked 
|  59|0x000000070bb00000, 0x000000070bb00000, 0x000000070bc00000|  0%| F|  |TAMS 0x000000070bb00000, 0x000000070bb00000| Untracked 
|  60|0x000000070bc00000, 0x000000070bc00000, 0x000000070bd00000|  0%| F|  |TAMS 0x000000070bc00000, 0x000000070bc00000| Untracked 
|  61|0x000000070bd00000, 0x000000070bd00000, 0x000000070be00000|  0%| F|  |TAMS 0x000000070bd00000, 0x000000070bd00000| Untracked 
|  62|0x000000070be00000, 0x000000070be00000, 0x000000070bf00000|  0%| F|  |TAMS 0x000000070be00000, 0x000000070be00000| Untracked 
|  63|0x000000070bf00000, 0x000000070bf00000, 0x000000070c000000|  0%| F|  |TAMS 0x000000070bf00000, 0x000000070bf00000| Untracked 
|  64|0x000000070c000000, 0x000000070c000000, 0x000000070c100000|  0%| F|  |TAMS 0x000000070c000000, 0x000000070c000000| Untracked 
|  65|0x000000070c100000, 0x000000070c100000, 0x000000070c200000|  0%| F|  |TAMS 0x000000070c100000, 0x000000070c100000| Untracked 
|  66|0x000000070c200000, 0x000000070c200000, 0x000000070c300000|  0%| F|  |TAMS 0x000000070c200000, 0x000000070c200000| Untracked 
|  67|0x000000070c300000, 0x000000070c300000, 0x000000070c400000|  0%| F|  |TAMS 0x000000070c300000, 0x000000070c300000| Untracked 
|  68|0x000000070c400000, 0x000000070c400000, 0x000000070c500000|  0%| F|  |TAMS 0x000000070c400000, 0x000000070c400000| Untracked 
|  69|0x000000070c500000, 0x000000070c500000, 0x000000070c600000|  0%| F|  |TAMS 0x000000070c500000, 0x000000070c500000| Untracked 
|  70|0x000000070c600000, 0x000000070c600000, 0x000000070c700000|  0%| F|  |TAMS 0x000000070c600000, 0x000000070c600000| Untracked 
|  71|0x000000070c700000, 0x000000070c700000, 0x000000070c800000|  0%| F|  |TAMS 0x000000070c700000, 0x000000070c700000| Untracked 
|  72|0x000000070c800000, 0x000000070c800000, 0x000000070c900000|  0%| F|  |TAMS 0x000000070c800000, 0x000000070c800000| Untracked 
|  73|0x000000070c900000, 0x000000070c900000, 0x000000070ca00000|  0%| F|  |TAMS 0x000000070c900000, 0x000000070c900000| Untracked 
|  74|0x000000070ca00000, 0x000000070ca00000, 0x000000070cb00000|  0%| F|  |TAMS 0x000000070ca00000, 0x000000070ca00000| Untracked 
|  75|0x000000070cb00000, 0x000000070cb00000, 0x000000070cc00000|  0%| F|  |TAMS 0x000000070cb00000, 0x000000070cb00000| Untracked 
|  76|0x000000070cc00000, 0x000000070cc00000, 0x000000070cd00000|  0%| F|  |TAMS 0x000000070cc00000, 0x000000070cc00000| Untracked 
|  77|0x000000070cd00000, 0x000000070cd00000, 0x000000070ce00000|  0%| F|  |TAMS 0x000000070cd00000, 0x000000070cd00000| Untracked 
|  78|0x000000070ce00000, 0x000000070ce00000, 0x000000070cf00000|  0%| F|  |TAMS 0x000000070ce00000, 0x000000070ce00000| Untracked 
|  79|0x000000070cf00000, 0x000000070cf00000, 0x000000070d000000|  0%| F|  |TAMS 0x000000070cf00000, 0x000000070cf00000| Untracked 
|  80|0x000000070d000000, 0x000000070d000000, 0x000000070d100000|  0%| F|  |TAMS 0x000000070d000000, 0x000000070d000000| Untracked 
|  81|0x000000070d100000, 0x000000070d100000, 0x000000070d200000|  0%| F|  |TAMS 0x000000070d100000, 0x000000070d100000| Untracked 
|  82|0x000000070d200000, 0x000000070d200000, 0x000000070d300000|  0%| F|  |TAMS 0x000000070d200000, 0x000000070d200000| Untracked 
|  83|0x000000070d300000, 0x000000070d300000, 0x000000070d400000|  0%| F|  |TAMS 0x000000070d300000, 0x000000070d300000| Untracked 
|  84|0x000000070d400000, 0x000000070d400000, 0x000000070d500000|  0%| F|  |TAMS 0x000000070d400000, 0x000000070d400000| Untracked 
|  85|0x000000070d500000, 0x000000070d500000, 0x000000070d600000|  0%| F|  |TAMS 0x000000070d500000, 0x000000070d500000| Untracked 
|  86|0x000000070d600000, 0x000000070d600000, 0x000000070d700000|  0%| F|  |TAMS 0x000000070d600000, 0x000000070d600000| Untracked 
|  87|0x000000070d700000, 0x000000070d700000, 0x000000070d800000|  0%| F|  |TAMS 0x000000070d700000, 0x000000070d700000| Untracked 
|  88|0x000000070d800000, 0x000000070d800000, 0x000000070d900000|  0%| F|  |TAMS 0x000000070d800000, 0x000000070d800000| Untracked 
|  89|0x000000070d900000, 0x000000070d900000, 0x000000070da00000|  0%| F|  |TAMS 0x000000070d900000, 0x000000070d900000| Untracked 
|  90|0x000000070da00000, 0x000000070da00000, 0x000000070db00000|  0%| F|  |TAMS 0x000000070da00000, 0x000000070da00000| Untracked 
|  91|0x000000070db00000, 0x000000070db00000, 0x000000070dc00000|  0%| F|  |TAMS 0x000000070db00000, 0x000000070db00000| Untracked 
|  92|0x000000070dc00000, 0x000000070dc00000, 0x000000070dd00000|  0%| F|  |TAMS 0x000000070dc00000, 0x000000070dc00000| Untracked 
|  93|0x000000070dd00000, 0x000000070dd00000, 0x000000070de00000|  0%| F|  |TAMS 0x000000070dd00000, 0x000000070dd00000| Untracked 
|  94|0x000000070de00000, 0x000000070de00000, 0x000000070df00000|  0%| F|  |TAMS 0x000000070de00000, 0x000000070de00000| Untracked 
|  95|0x000000070df00000, 0x000000070df00000, 0x000000070e000000|  0%| F|  |TAMS 0x000000070df00000, 0x000000070df00000| Untracked 
|  96|0x000000070e000000, 0x000000070e000000, 0x000000070e100000|  0%| F|  |TAMS 0x000000070e000000, 0x000000070e000000| Untracked 
|  97|0x000000070e100000, 0x000000070e100000, 0x000000070e200000|  0%| F|  |TAMS 0x000000070e100000, 0x000000070e100000| Untracked 
|  98|0x000000070e200000, 0x000000070e200000, 0x000000070e300000|  0%| F|  |TAMS 0x000000070e200000, 0x000000070e200000| Untracked 
|  99|0x000000070e300000, 0x000000070e300000, 0x000000070e400000|  0%| F|  |TAMS 0x000000070e300000, 0x000000070e300000| Untracked 
| 100|0x000000070e400000, 0x000000070e400000, 0x000000070e500000|  0%| F|  |TAMS 0x000000070e400000, 0x000000070e400000| Untracked 
| 101|0x000000070e500000, 0x000000070e500000, 0x000000070e600000|  0%| F|  |TAMS 0x000000070e500000, 0x000000070e500000| Untracked 
| 102|0x000000070e600000, 0x000000070e600000, 0x000000070e700000|  0%| F|  |TAMS 0x000000070e600000, 0x000000070e600000| Untracked 
| 103|0x000000070e700000, 0x000000070e700000, 0x000000070e800000|  0%| F|  |TAMS 0x000000070e700000, 0x000000070e700000| Untracked 
| 104|0x000000070e800000, 0x000000070e800000, 0x000000070e900000|  0%| F|  |TAMS 0x000000070e800000, 0x000000070e800000| Untracked 
| 105|0x000000070e900000, 0x000000070e900000, 0x000000070ea00000|  0%| F|  |TAMS 0x000000070e900000, 0x000000070e900000| Untracked 
| 106|0x000000070ea00000, 0x000000070ea00000, 0x000000070eb00000|  0%| F|  |TAMS 0x000000070ea00000, 0x000000070ea00000| Untracked 
| 107|0x000000070eb00000, 0x000000070eb00000, 0x000000070ec00000|  0%| F|  |TAMS 0x000000070eb00000, 0x000000070eb00000| Untracked 
| 108|0x000000070ec00000, 0x000000070ec00000, 0x000000070ed00000|  0%| F|  |TAMS 0x000000070ec00000, 0x000000070ec00000| Untracked 
| 109|0x000000070ed00000, 0x000000070ed00000, 0x000000070ee00000|  0%| F|  |TAMS 0x000000070ed00000, 0x000000070ed00000| Untracked 
| 110|0x000000070ee00000, 0x000000070ee00000, 0x000000070ef00000|  0%| F|  |TAMS 0x000000070ee00000, 0x000000070ee00000| Untracked 
| 111|0x000000070ef00000, 0x000000070ef00000, 0x000000070f000000|  0%| F|  |TAMS 0x000000070ef00000, 0x000000070ef00000| Untracked 
| 112|0x000000070f000000, 0x000000070f000000, 0x000000070f100000|  0%| F|  |TAMS 0x000000070f000000, 0x000000070f000000| Untracked 
| 113|0x000000070f100000, 0x000000070f100000, 0x000000070f200000|  0%| F|  |TAMS 0x000000070f100000, 0x000000070f100000| Untracked 
| 114|0x000000070f200000, 0x000000070f200000, 0x000000070f300000|  0%| F|  |TAMS 0x000000070f200000, 0x000000070f200000| Untracked 
| 115|0x000000070f300000, 0x000000070f300000, 0x000000070f400000|  0%| F|  |TAMS 0x000000070f300000, 0x000000070f300000| Untracked 
| 116|0x000000070f400000, 0x000000070f400000, 0x000000070f500000|  0%| F|  |TAMS 0x000000070f400000, 0x000000070f400000| Untracked 
| 117|0x000000070f500000, 0x000000070f500000, 0x000000070f600000|  0%| F|  |TAMS 0x000000070f500000, 0x000000070f500000| Untracked 
| 118|0x000000070f600000, 0x000000070f600000, 0x000000070f700000|  0%| F|  |TAMS 0x000000070f600000, 0x000000070f600000| Untracked 
| 119|0x000000070f700000, 0x000000070f700000, 0x000000070f800000|  0%| F|  |TAMS 0x000000070f700000, 0x000000070f700000| Untracked 
| 120|0x000000070f800000, 0x000000070f800000, 0x000000070f900000|  0%| F|  |TAMS 0x000000070f800000, 0x000000070f800000| Untracked 
| 121|0x000000070f900000, 0x000000070f900000, 0x000000070fa00000|  0%| F|  |TAMS 0x000000070f900000, 0x000000070f900000| Untracked 
| 122|0x000000070fa00000, 0x000000070fa00000, 0x000000070fb00000|  0%| F|  |TAMS 0x000000070fa00000, 0x000000070fa00000| Untracked 
| 123|0x000000070fb00000, 0x000000070fb00000, 0x000000070fc00000|  0%| F|  |TAMS 0x000000070fb00000, 0x000000070fb00000| Untracked 
| 124|0x000000070fc00000, 0x000000070fc00000, 0x000000070fd00000|  0%| F|  |TAMS 0x000000070fc00000, 0x000000070fc00000| Untracked 
| 125|0x000000070fd00000, 0x000000070fd00000, 0x000000070fe00000|  0%| F|  |TAMS 0x000000070fd00000, 0x000000070fd00000| Untracked 
| 126|0x000000070fe00000, 0x000000070fe00000, 0x000000070ff00000|  0%| F|  |TAMS 0x000000070fe00000, 0x000000070fe00000| Untracked 
| 127|0x000000070ff00000, 0x000000070ff00000, 0x0000000710000000|  0%| F|  |TAMS 0x000000070ff00000, 0x000000070ff00000| Untracked 
| 128|0x0000000710000000, 0x0000000710000000, 0x0000000710100000|  0%| F|  |TAMS 0x0000000710000000, 0x0000000710000000| Untracked 
| 129|0x0000000710100000, 0x0000000710100000, 0x0000000710200000|  0%| F|  |TAMS 0x0000000710100000, 0x0000000710100000| Untracked 
| 130|0x0000000710200000, 0x0000000710200000, 0x0000000710300000|  0%| F|  |TAMS 0x0000000710200000, 0x0000000710200000| Untracked 
| 131|0x0000000710300000, 0x0000000710300000, 0x0000000710400000|  0%| F|  |TAMS 0x0000000710300000, 0x0000000710300000| Untracked 
| 132|0x0000000710400000, 0x0000000710400000, 0x0000000710500000|  0%| F|  |TAMS 0x0000000710400000, 0x0000000710400000| Untracked 
| 133|0x0000000710500000, 0x0000000710500000, 0x0000000710600000|  0%| F|  |TAMS 0x0000000710500000, 0x0000000710500000| Untracked 
| 134|0x0000000710600000, 0x0000000710600000, 0x0000000710700000|  0%| F|  |TAMS 0x0000000710600000, 0x0000000710600000| Untracked 
| 135|0x0000000710700000, 0x0000000710700000, 0x0000000710800000|  0%| F|  |TAMS 0x0000000710700000, 0x0000000710700000| Untracked 
| 136|0x0000000710800000, 0x0000000710800000, 0x0000000710900000|  0%| F|  |TAMS 0x0000000710800000, 0x0000000710800000| Untracked 
| 137|0x0000000710900000, 0x0000000710900000, 0x0000000710a00000|  0%| F|  |TAMS 0x0000000710900000, 0x0000000710900000| Untracked 
| 138|0x0000000710a00000, 0x0000000710a00000, 0x0000000710b00000|  0%| F|  |TAMS 0x0000000710a00000, 0x0000000710a00000| Untracked 
| 139|0x0000000710b00000, 0x0000000710b00000, 0x0000000710c00000|  0%| F|  |TAMS 0x0000000710b00000, 0x0000000710b00000| Untracked 
| 140|0x0000000710c00000, 0x0000000710c00000, 0x0000000710d00000|  0%| F|  |TAMS 0x0000000710c00000, 0x0000000710c00000| Untracked 
| 141|0x0000000710d00000, 0x0000000710d00000, 0x0000000710e00000|  0%| F|  |TAMS 0x0000000710d00000, 0x0000000710d00000| Untracked 
| 142|0x0000000710e00000, 0x0000000710e00000, 0x0000000710f00000|  0%| F|  |TAMS 0x0000000710e00000, 0x0000000710e00000| Untracked 
| 143|0x0000000710f00000, 0x0000000710f00000, 0x0000000711000000|  0%| F|  |TAMS 0x0000000710f00000, 0x0000000710f00000| Untracked 
| 144|0x0000000711000000, 0x0000000711000000, 0x0000000711100000|  0%| F|  |TAMS 0x0000000711000000, 0x0000000711000000| Untracked 
| 145|0x0000000711100000, 0x0000000711100000, 0x0000000711200000|  0%| F|  |TAMS 0x0000000711100000, 0x0000000711100000| Untracked 
| 146|0x0000000711200000, 0x0000000711200000, 0x0000000711300000|  0%| F|  |TAMS 0x0000000711200000, 0x0000000711200000| Untracked 
| 147|0x0000000711300000, 0x0000000711300000, 0x0000000711400000|  0%| F|  |TAMS 0x0000000711300000, 0x0000000711300000| Untracked 
| 148|0x0000000711400000, 0x0000000711500000, 0x0000000711500000|100%| S|  |TAMS 0x0000000711400000, 0x0000000711400000| Complete 
| 149|0x0000000711500000, 0x0000000711600000, 0x0000000711600000|100%| S|  |TAMS 0x0000000711500000, 0x0000000711500000| Complete 
| 150|0x0000000711600000, 0x0000000711700000, 0x0000000711700000|100%| S|  |TAMS 0x0000000711600000, 0x0000000711600000| Complete 
| 151|0x0000000711700000, 0x0000000711800000, 0x0000000711800000|100%| S|  |TAMS 0x0000000711700000, 0x0000000711700000| Complete 
| 152|0x0000000711800000, 0x0000000711900000, 0x0000000711900000|100%| S|  |TAMS 0x0000000711800000, 0x0000000711800000| Complete 
| 153|0x0000000711900000, 0x0000000711a00000, 0x0000000711a00000|100%| S|  |TAMS 0x0000000711900000, 0x0000000711900000| Complete 
| 154|0x0000000711a00000, 0x0000000711b00000, 0x0000000711b00000|100%| S|  |TAMS 0x0000000711a00000, 0x0000000711a00000| Complete 
| 155|0x0000000711b00000, 0x0000000711c00000, 0x0000000711c00000|100%| S|  |TAMS 0x0000000711b00000, 0x0000000711b00000| Complete 
| 156|0x0000000711c00000, 0x0000000711d00000, 0x0000000711d00000|100%| S|  |TAMS 0x0000000711c00000, 0x0000000711c00000| Complete 
| 157|0x0000000711d00000, 0x0000000711e00000, 0x0000000711e00000|100%| S|  |TAMS 0x0000000711d00000, 0x0000000711d00000| Complete 
| 158|0x0000000711e00000, 0x0000000711f00000, 0x0000000711f00000|100%| S|  |TAMS 0x0000000711e00000, 0x0000000711e00000| Complete 
| 159|0x0000000711f00000, 0x0000000712000000, 0x0000000712000000|100%| E|CS|TAMS 0x0000000711f00000, 0x0000000711f00000| Complete 
| 160|0x0000000712000000, 0x0000000712100000, 0x0000000712100000|100%| E|CS|TAMS 0x0000000712000000, 0x0000000712000000| Complete 
| 161|0x0000000712100000, 0x0000000712200000, 0x0000000712200000|100%| E|CS|TAMS 0x0000000712100000, 0x0000000712100000| Complete 
| 162|0x0000000712200000, 0x0000000712300000, 0x0000000712300000|100%| E|CS|TAMS 0x0000000712200000, 0x0000000712200000| Complete 
| 163|0x0000000712300000, 0x0000000712400000, 0x0000000712400000|100%| E|CS|TAMS 0x0000000712300000, 0x0000000712300000| Complete 
| 164|0x0000000712400000, 0x0000000712500000, 0x0000000712500000|100%| E|CS|TAMS 0x0000000712400000, 0x0000000712400000| Complete 
| 165|0x0000000712500000, 0x0000000712600000, 0x0000000712600000|100%| E|CS|TAMS 0x0000000712500000, 0x0000000712500000| Complete 
| 166|0x0000000712600000, 0x0000000712700000, 0x0000000712700000|100%| E|CS|TAMS 0x0000000712600000, 0x0000000712600000| Complete 
| 167|0x0000000712700000, 0x0000000712800000, 0x0000000712800000|100%| E|CS|TAMS 0x0000000712700000, 0x0000000712700000| Complete 
| 168|0x0000000712800000, 0x0000000712900000, 0x0000000712900000|100%| E|CS|TAMS 0x0000000712800000, 0x0000000712800000| Complete 
| 169|0x0000000712900000, 0x0000000712a00000, 0x0000000712a00000|100%| E|CS|TAMS 0x0000000712900000, 0x0000000712900000| Complete 
| 170|0x0000000712a00000, 0x0000000712b00000, 0x0000000712b00000|100%| E|CS|TAMS 0x0000000712a00000, 0x0000000712a00000| Complete 
| 171|0x0000000712b00000, 0x0000000712c00000, 0x0000000712c00000|100%| E|CS|TAMS 0x0000000712b00000, 0x0000000712b00000| Complete 
| 172|0x0000000712c00000, 0x0000000712d00000, 0x0000000712d00000|100%| E|CS|TAMS 0x0000000712c00000, 0x0000000712c00000| Complete 
| 173|0x0000000712d00000, 0x0000000712e00000, 0x0000000712e00000|100%| E|CS|TAMS 0x0000000712d00000, 0x0000000712d00000| Complete 
| 174|0x0000000712e00000, 0x0000000712f00000, 0x0000000712f00000|100%| E|CS|TAMS 0x0000000712e00000, 0x0000000712e00000| Complete 
| 175|0x0000000712f00000, 0x0000000713000000, 0x0000000713000000|100%| E|CS|TAMS 0x0000000712f00000, 0x0000000712f00000| Complete 
| 176|0x0000000713000000, 0x0000000713100000, 0x0000000713100000|100%| E|CS|TAMS 0x0000000713000000, 0x0000000713000000| Complete 
| 177|0x0000000713100000, 0x0000000713200000, 0x0000000713200000|100%| E|CS|TAMS 0x0000000713100000, 0x0000000713100000| Complete 
| 178|0x0000000713200000, 0x0000000713300000, 0x0000000713300000|100%| E|CS|TAMS 0x0000000713200000, 0x0000000713200000| Complete 
| 179|0x0000000713300000, 0x0000000713400000, 0x0000000713400000|100%| E|CS|TAMS 0x0000000713300000, 0x0000000713300000| Complete 
| 180|0x0000000713400000, 0x0000000713500000, 0x0000000713500000|100%| E|CS|TAMS 0x0000000713400000, 0x0000000713400000| Complete 
| 181|0x0000000713500000, 0x0000000713600000, 0x0000000713600000|100%| E|CS|TAMS 0x0000000713500000, 0x0000000713500000| Complete 
| 182|0x0000000713600000, 0x0000000713700000, 0x0000000713700000|100%| E|CS|TAMS 0x0000000713600000, 0x0000000713600000| Complete 
| 183|0x0000000713700000, 0x0000000713800000, 0x0000000713800000|100%| E|CS|TAMS 0x0000000713700000, 0x0000000713700000| Complete 
| 184|0x0000000713800000, 0x00000007138fa950, 0x0000000713900000| 97%| E|CS|TAMS 0x0000000713800000, 0x0000000713800000| Complete 
| 185|0x0000000713900000, 0x0000000713a00000, 0x0000000713a00000|100%| E|CS|TAMS 0x0000000713900000, 0x0000000713900000| Complete 
| 186|0x0000000713a00000, 0x0000000713b00000, 0x0000000713b00000|100%| E|CS|TAMS 0x0000000713a00000, 0x0000000713a00000| Complete 
| 187|0x0000000713b00000, 0x0000000713c00000, 0x0000000713c00000|100%| E|CS|TAMS 0x0000000713b00000, 0x0000000713b00000| Complete 
| 188|0x0000000713c00000, 0x0000000713d00000, 0x0000000713d00000|100%| E|CS|TAMS 0x0000000713c00000, 0x0000000713c00000| Complete 
| 189|0x0000000713d00000, 0x0000000713e00000, 0x0000000713e00000|100%| E|CS|TAMS 0x0000000713d00000, 0x0000000713d00000| Complete 
| 190|0x0000000713e00000, 0x0000000713f00000, 0x0000000713f00000|100%| E|CS|TAMS 0x0000000713e00000, 0x0000000713e00000| Complete 
| 191|0x0000000713f00000, 0x0000000714000000, 0x0000000714000000|100%| E|CS|TAMS 0x0000000713f00000, 0x0000000713f00000| Complete 
| 192|0x0000000714000000, 0x0000000714100000, 0x0000000714100000|100%| E|CS|TAMS 0x0000000714000000, 0x0000000714000000| Complete 
| 193|0x0000000714100000, 0x0000000714200000, 0x0000000714200000|100%| E|CS|TAMS 0x0000000714100000, 0x0000000714100000| Complete 
| 194|0x0000000714200000, 0x0000000714300000, 0x0000000714300000|100%| E|CS|TAMS 0x0000000714200000, 0x0000000714200000| Complete 
| 195|0x0000000714300000, 0x0000000714400000, 0x0000000714400000|100%| E|CS|TAMS 0x0000000714300000, 0x0000000714300000| Complete 
| 196|0x0000000714400000, 0x0000000714500000, 0x0000000714500000|100%| E|CS|TAMS 0x0000000714400000, 0x0000000714400000| Complete 
| 197|0x0000000714500000, 0x0000000714600000, 0x0000000714600000|100%| E|CS|TAMS 0x0000000714500000, 0x0000000714500000| Complete 
| 198|0x0000000714600000, 0x0000000714700000, 0x0000000714700000|100%| E|CS|TAMS 0x0000000714600000, 0x0000000714600000| Complete 
| 199|0x0000000714700000, 0x0000000714800000, 0x0000000714800000|100%| E|CS|TAMS 0x0000000714700000, 0x0000000714700000| Complete 
| 200|0x0000000714800000, 0x0000000714900000, 0x0000000714900000|100%| E|CS|TAMS 0x0000000714800000, 0x0000000714800000| Complete 
| 201|0x0000000714900000, 0x0000000714a00000, 0x0000000714a00000|100%| E|CS|TAMS 0x0000000714900000, 0x0000000714900000| Complete 
| 202|0x0000000714a00000, 0x0000000714b00000, 0x0000000714b00000|100%| E|CS|TAMS 0x0000000714a00000, 0x0000000714a00000| Complete 
| 203|0x0000000714b00000, 0x0000000714c00000, 0x0000000714c00000|100%| E|CS|TAMS 0x0000000714b00000, 0x0000000714b00000| Complete 
| 204|0x0000000714c00000, 0x0000000714d00000, 0x0000000714d00000|100%| E|CS|TAMS 0x0000000714c00000, 0x0000000714c00000| Complete 
| 205|0x0000000714d00000, 0x0000000714e00000, 0x0000000714e00000|100%| E|CS|TAMS 0x0000000714d00000, 0x0000000714d00000| Complete 
| 206|0x0000000714e00000, 0x0000000714f00000, 0x0000000714f00000|100%| E|CS|TAMS 0x0000000714e00000, 0x0000000714e00000| Complete 
| 207|0x0000000714f00000, 0x0000000715000000, 0x0000000715000000|100%| E|CS|TAMS 0x0000000714f00000, 0x0000000714f00000| Complete 
| 208|0x0000000715000000, 0x0000000715100000, 0x0000000715100000|100%| E|CS|TAMS 0x0000000715000000, 0x0000000715000000| Complete 
| 209|0x0000000715100000, 0x0000000715200000, 0x0000000715200000|100%| E|CS|TAMS 0x0000000715100000, 0x0000000715100000| Complete 
| 210|0x0000000715200000, 0x0000000715300000, 0x0000000715300000|100%| E|CS|TAMS 0x0000000715200000, 0x0000000715200000| Complete 
| 211|0x0000000715300000, 0x0000000715400000, 0x0000000715400000|100%| E|CS|TAMS 0x0000000715300000, 0x0000000715300000| Complete 
| 212|0x0000000715400000, 0x0000000715500000, 0x0000000715500000|100%| E|CS|TAMS 0x0000000715400000, 0x0000000715400000| Complete 
| 213|0x0000000715500000, 0x0000000715600000, 0x0000000715600000|100%| E|CS|TAMS 0x0000000715500000, 0x0000000715500000| Complete 
| 214|0x0000000715600000, 0x0000000715700000, 0x0000000715700000|100%| E|CS|TAMS 0x0000000715600000, 0x0000000715600000| Complete 
| 215|0x0000000715700000, 0x0000000715800000, 0x0000000715800000|100%| E|CS|TAMS 0x0000000715700000, 0x0000000715700000| Complete 
| 216|0x0000000715800000, 0x0000000715900000, 0x0000000715900000|100%| E|CS|TAMS 0x0000000715800000, 0x0000000715800000| Complete 
| 217|0x0000000715900000, 0x0000000715a00000, 0x0000000715a00000|100%| E|CS|TAMS 0x0000000715900000, 0x0000000715900000| Complete 
| 218|0x0000000715a00000, 0x0000000715b00000, 0x0000000715b00000|100%| E|CS|TAMS 0x0000000715a00000, 0x0000000715a00000| Complete 
| 219|0x0000000715b00000, 0x0000000715c00000, 0x0000000715c00000|100%| E|CS|TAMS 0x0000000715b00000, 0x0000000715b00000| Complete 
| 220|0x0000000715c00000, 0x0000000715d00000, 0x0000000715d00000|100%| E|CS|TAMS 0x0000000715c00000, 0x0000000715c00000| Complete 
| 221|0x0000000715d00000, 0x0000000715e00000, 0x0000000715e00000|100%| E|CS|TAMS 0x0000000715d00000, 0x0000000715d00000| Complete 
| 222|0x0000000715e00000, 0x0000000715f00000, 0x0000000715f00000|100%| E|CS|TAMS 0x0000000715e00000, 0x0000000715e00000| Complete 
| 223|0x0000000715f00000, 0x0000000716000000, 0x0000000716000000|100%| E|CS|TAMS 0x0000000715f00000, 0x0000000715f00000| Complete 
| 224|0x0000000716000000, 0x0000000716100000, 0x0000000716100000|100%| E|CS|TAMS 0x0000000716000000, 0x0000000716000000| Complete 
| 225|0x0000000716100000, 0x0000000716200000, 0x0000000716200000|100%| E|CS|TAMS 0x0000000716100000, 0x0000000716100000| Complete 
| 226|0x0000000716200000, 0x0000000716300000, 0x0000000716300000|100%| E|CS|TAMS 0x0000000716200000, 0x0000000716200000| Complete 
| 227|0x0000000716300000, 0x0000000716400000, 0x0000000716400000|100%| E|CS|TAMS 0x0000000716300000, 0x0000000716300000| Complete 
| 228|0x0000000716400000, 0x0000000716500000, 0x0000000716500000|100%| E|CS|TAMS 0x0000000716400000, 0x0000000716400000| Complete 
| 229|0x0000000716500000, 0x0000000716600000, 0x0000000716600000|100%| E|CS|TAMS 0x0000000716500000, 0x0000000716500000| Complete 
| 230|0x0000000716600000, 0x0000000716700000, 0x0000000716700000|100%| E|CS|TAMS 0x0000000716600000, 0x0000000716600000| Complete 
| 231|0x0000000716700000, 0x0000000716800000, 0x0000000716800000|100%| E|CS|TAMS 0x0000000716700000, 0x0000000716700000| Complete 
| 232|0x0000000716800000, 0x0000000716900000, 0x0000000716900000|100%| E|CS|TAMS 0x0000000716800000, 0x0000000716800000| Complete 
| 233|0x0000000716900000, 0x0000000716a00000, 0x0000000716a00000|100%| E|CS|TAMS 0x0000000716900000, 0x0000000716900000| Complete 
| 234|0x0000000716a00000, 0x0000000716b00000, 0x0000000716b00000|100%| E|CS|TAMS 0x0000000716a00000, 0x0000000716a00000| Complete 
| 235|0x0000000716b00000, 0x0000000716c00000, 0x0000000716c00000|100%| E|CS|TAMS 0x0000000716b00000, 0x0000000716b00000| Complete 
| 236|0x0000000716c00000, 0x0000000716d00000, 0x0000000716d00000|100%| E|CS|TAMS 0x0000000716c00000, 0x0000000716c00000| Complete 
| 237|0x0000000716d00000, 0x0000000716e00000, 0x0000000716e00000|100%| E|CS|TAMS 0x0000000716d00000, 0x0000000716d00000| Complete 
| 238|0x0000000716e00000, 0x0000000716f00000, 0x0000000716f00000|100%| E|CS|TAMS 0x0000000716e00000, 0x0000000716e00000| Complete 
| 239|0x0000000716f00000, 0x0000000717000000, 0x0000000717000000|100%| E|CS|TAMS 0x0000000716f00000, 0x0000000716f00000| Complete 
| 240|0x0000000717000000, 0x0000000717100000, 0x0000000717100000|100%| E|CS|TAMS 0x0000000717000000, 0x0000000717000000| Complete 
| 241|0x0000000717100000, 0x0000000717200000, 0x0000000717200000|100%| E|CS|TAMS 0x0000000717100000, 0x0000000717100000| Complete 
| 242|0x0000000717200000, 0x0000000717300000, 0x0000000717300000|100%| E|CS|TAMS 0x0000000717200000, 0x0000000717200000| Complete 
| 243|0x0000000717300000, 0x0000000717400000, 0x0000000717400000|100%| E|CS|TAMS 0x0000000717300000, 0x0000000717300000| Complete 
| 244|0x0000000717400000, 0x0000000717500000, 0x0000000717500000|100%| E|CS|TAMS 0x0000000717400000, 0x0000000717400000| Complete 
| 245|0x0000000717500000, 0x0000000717600000, 0x0000000717600000|100%| E|CS|TAMS 0x0000000717500000, 0x0000000717500000| Complete 
| 246|0x0000000717600000, 0x0000000717700000, 0x0000000717700000|100%| E|CS|TAMS 0x0000000717600000, 0x0000000717600000| Complete 
| 247|0x0000000717700000, 0x0000000717800000, 0x0000000717800000|100%| E|CS|TAMS 0x0000000717700000, 0x0000000717700000| Complete 
|2942|0x00000007bfe00000, 0x00000007bfe47000, 0x00000007bff00000| 27%|OA|  |TAMS 0x00000007bfe47000, 0x00000007bfe00000| Untracked 
|2943|0x00000007bff00000, 0x00000007bff6b000, 0x00000007c0000000| 41%|CA|  |TAMS 0x00000007bff6b000, 0x00000007bff00000| Untracked 

Card table byte_map: [0x00007f338ca7b000,0x00007f338d23b000] _byte_map_base: 0x00007f338923b000

Marking Bits (Prev, Next): (CMBitMap*) 0x00007f338807ef10, (CMBitMap*) 0x00007f338807eed8
 Prev Bits: [0x00007f3364400000, 0x00007f3368200000)
 Next Bits: [0x00007f3368200000, 0x00007f336c000000)

Polling page: 0x00007f33906ea000

Metaspace:

Usage:
  Non-class:     25.50 MB capacity,    25.28 MB (>99%) used,   175.18 KB ( <1%) free+waste,    51.94 KB ( <1%) overhead. 
      Class:      3.49 MB capacity,     3.36 MB ( 96%) used,   112.41 KB (  3%) free+waste,    22.62 KB ( <1%) overhead. 
       Both:     28.99 MB capacity,    28.64 MB ( 99%) used,   287.59 KB ( <1%) free+waste,    74.56 KB ( <1%) overhead. 

Virtual space:
  Non-class space:       26.00 MB reserved,      25.75 MB (>99%) committed 
      Class space:        1.00 GB reserved,       3.50 MB ( <1%) committed 
             Both:        1.03 GB reserved,      29.25 MB (  3%) committed 

Chunk freelists:
   Non-Class:  207.00 KB
       Class:  7.00 KB
        Both:  214.00 KB

MaxMetaspaceSize: unlimited
CompressedClassSpaceSize: 1.00 GB
Initial GC threshold: 20.80 MB
Current GC threshold: 35.00 MB
CDS: on

CodeHeap 'non-profiled nmethods': size=120032Kb used=2433Kb max_used=2433Kb free=117598Kb
 bounds [0x00007f3378305000, 0x00007f3378575000, 0x00007f337f83d000]
CodeHeap 'profiled nmethods': size=120028Kb used=13207Kb max_used=13207Kb free=106820Kb
 bounds [0x00007f3370dce000, 0x00007f3371abe000, 0x00007f3378305000]
CodeHeap 'non-nmethods': size=5700Kb used=1244Kb max_used=1298Kb free=4455Kb
 bounds [0x00007f337083d000, 0x00007f3370aad000, 0x00007f3370dce000]
 total_blobs=5818 nmethods=5293 adapters=437
 compilation: enabled
              stopped_count=0, restarted_count=0
 full_count=0

Compilation events (20 events):
Event: 2.896 Thread 0x00007f338821e000 nmethod 5297 0x00007f3371aaf110 code [0x00007f3371aaf340, 0x00007f3371aafbd0]
Event: 2.896 Thread 0x00007f338821e000 5266       1       org.eclipse.xtext.serializer.analysis.SerializerPDA$SerializerPDAState::getFollowers (5 bytes)
Event: 2.896 Thread 0x00007f338821e000 nmethod 5266 0x00007f3378564610 code [0x00007f33785647c0, 0x00007f3378564890]
Event: 2.896 Thread 0x00007f338821e000 5264       1       org.eclipse.xtext.xtext.OriginalElement$OriginalElementAdapter::get (5 bytes)
Event: 2.896 Thread 0x00007f338821e000 nmethod 5264 0x00007f3378564910 code [0x00007f3378564ac0, 0x00007f3378564b90]
Event: 2.896 Thread 0x00007f338821e000 5310       1       org.eclipse.xtext.serializer.analysis.ContextPDAProvider$CallStack::access$200 (5 bytes)
Event: 2.896 Thread 0x00007f338821e000 nmethod 5310 0x00007f3378564c10 code [0x00007f3378564dc0, 0x00007f3378564e50]
Event: 2.896 Thread 0x00007f338821e000 5311       1       org.eclipse.xtext.serializer.analysis.ContextPDAProvider$CallStack::access$000 (5 bytes)
Event: 2.896 Thread 0x00007f338821e000 nmethod 5311 0x00007f3378564f10 code [0x00007f33785650c0, 0x00007f3378565150]
Event: 2.897 Thread 0x00007f338821e000 5312       1       java.util.LinkedList::size (5 bytes)
Event: 2.897 Thread 0x00007f338821e000 nmethod 5312 0x00007f3378565210 code [0x00007f33785653c0, 0x00007f3378565490]
Event: 2.897 Thread 0x00007f338821e000 5295       3       com.google.common.collect.Sets::newLinkedHashSet (31 bytes)
Event: 2.897 Thread 0x00007f338821e000 nmethod 5295 0x00007f3371aafe10 code [0x00007f3371ab00e0, 0x00007f3371ab0f00]
Event: 2.897 Thread 0x00007f338821e000 5299       3       org.eclipse.xtext.serializer.analysis.GrammarPDAProvider$ToOriginal::setFollowers (14 bytes)
Event: 2.898 Thread 0x00007f338821e000 nmethod 5299 0x00007f3371ab1390 code [0x00007f3371ab16a0, 0x00007f3371ab2900]
Event: 2.898 Thread 0x00007f338821e000 5316       3       org.eclipse.xtext.GrammarUtil::isAssignedAction (25 bytes)
Event: 2.898 Thread 0x00007f338821e000 nmethod 5316 0x00007f3371ab2f10 code [0x00007f3371ab30e0, 0x00007f3371ab34f0]
Event: 2.898 Thread 0x00007f338821e000 5318       3       org.eclipse.xtext.serializer.analysis.ContextPDAProvider::connect (46 bytes)
Event: 2.898 Thread 0x00007f338821e000 nmethod 5318 0x00007f3371ab3610 code [0x00007f3371ab3800, 0x00007f3371ab3ce0]
Event: 2.898 Thread 0x00007f338821e000 5321       3       org.eclipse.xtext.serializer.analysis.ContextPDAProvider::collectExtracted (314 bytes)

GC Heap History (9 events):
Event: 0.316 GC heap before
{Heap before GC invocations=0 (full 0):
 garbage-first heap   total 256000K, used 24264K [0x0000000708000000, 0x0000000800000000)
  region size 1024K, 24 young (24576K), 0 survivors (0K)
 Metaspace       used 3830K, capacity 5029K, committed 5120K, reserved 1056768K
  class space    used 395K, capacity 504K, committed 512K, reserved 1048576K
}
Event: 0.322 GC heap after
{Heap after GC invocations=1 (full 0):
 garbage-first heap   total 256000K, used 5507K [0x0000000708000000, 0x0000000800000000)
  region size 1024K, 3 young (3072K), 3 survivors (3072K)
 Metaspace       used 3830K, capacity 5029K, committed 5120K, reserved 1056768K
  class space    used 395K, capacity 504K, committed 512K, reserved 1048576K
}
Event: 0.498 GC heap before
{Heap before GC invocations=1 (full 0):
 garbage-first heap   total 256000K, used 24963K [0x0000000708000000, 0x0000000800000000)
  region size 1024K, 23 young (23552K), 3 survivors (3072K)
 Metaspace       used 6717K, capacity 7402K, committed 7552K, reserved 1056768K
  class space    used 802K, capacity 867K, committed 896K, reserved 1048576K
}
Event: 0.505 GC heap after
{Heap after GC invocations=2 (full 0):
 garbage-first heap   total 256000K, used 9894K [0x0000000708000000, 0x0000000800000000)
  region size 1024K, 3 young (3072K), 3 survivors (3072K)
 Metaspace       used 6717K, capacity 7402K, committed 7552K, reserved 1056768K
  class space    used 802K, capacity 867K, committed 896K, reserved 1048576K
}
Event: 1.069 GC heap before
{Heap before GC invocations=2 (full 0):
 garbage-first heap   total 256000K, used 63142K [0x0000000708000000, 0x0000000800000000)
  region size 1024K, 55 young (56320K), 3 survivors (3072K)
 Metaspace       used 14622K, capacity 14869K, committed 15360K, reserved 1062912K
  class space    used 1866K, capacity 1966K, committed 2048K, reserved 1048576K
}
Event: 1.074 GC heap after
{Heap after GC invocations=3 (full 0):
 garbage-first heap   total 256000K, used 13841K [0x0000000708000000, 0x0000000800000000)
  region size 1024K, 7 young (7168K), 7 survivors (7168K)
 Metaspace       used 14622K, capacity 14869K, committed 15360K, reserved 1062912K
  class space    used 1866K, capacity 1966K, committed 2048K, reserved 1048576K
}
Event: 1.515 GC heap before
{Heap before GC invocations=3 (full 0):
 garbage-first heap   total 256000K, used 62993K [0x0000000708000000, 0x0000000800000000)
  region size 1024K, 56 young (57344K), 7 survivors (7168K)
 Metaspace       used 20659K, capacity 20908K, committed 21248K, reserved 1067008K
  class space    used 2666K, capacity 2783K, committed 2816K, reserved 1048576K
}
Event: 1.524 GC heap after
{Heap after GC invocations=4 (full 0):
 garbage-first heap   total 256000K, used 17235K [0x0000000708000000, 0x0000000800000000)
  region size 1024K, 8 young (8192K), 8 survivors (8192K)
 Metaspace       used 20659K, capacity 20908K, committed 21248K, reserved 1067008K
  class space    used 2666K, capacity 2783K, committed 2816K, reserved 1048576K
}
Event: 2.900 GC heap before
{Heap before GC invocations=5 (full 0):
 garbage-first heap   total 256000K, used 100179K [0x0000000708000000, 0x0000000800000000)
  region size 1024K, 89 young (91136K), 8 survivors (8192K)
 Metaspace       used 29323K, capacity 29686K, committed 29952K, reserved 1075200K
  class space    used 3441K, capacity 3577K, committed 3584K, reserved 1048576K
}

Deoptimization events (20 events):
Event: 2.584 Thread 0x00007f3388018000 DEOPT PACKING pc=0x00007f33718fc039 sp=0x00007f338ee96cb0
Event: 2.584 Thread 0x00007f3388018000 DEOPT UNPACKING pc=0x00007f337088764a sp=0x00007f338ee96200 mode 0
Event: 2.598 Thread 0x00007f3388018000 DEOPT PACKING pc=0x00007f33718fc039 sp=0x00007f338ee96cb0
Event: 2.598 Thread 0x00007f3388018000 DEOPT UNPACKING pc=0x00007f337088764a sp=0x00007f338ee96200 mode 0
Event: 2.606 Thread 0x00007f3388018000 DEOPT PACKING pc=0x00007f33718fc039 sp=0x00007f338ee96cb0
Event: 2.606 Thread 0x00007f3388018000 DEOPT UNPACKING pc=0x00007f337088764a sp=0x00007f338ee96200 mode 0
Event: 2.613 Thread 0x00007f3388018000 DEOPT PACKING pc=0x00007f33718fc039 sp=0x00007f338ee96cb0
Event: 2.613 Thread 0x00007f3388018000 DEOPT UNPACKING pc=0x00007f337088764a sp=0x00007f338ee96200 mode 0
Event: 2.620 Thread 0x00007f3388018000 DEOPT PACKING pc=0x00007f33718fc039 sp=0x00007f338ee96cb0
Event: 2.620 Thread 0x00007f3388018000 DEOPT UNPACKING pc=0x00007f337088764a sp=0x00007f338ee96200 mode 0
Event: 2.628 Thread 0x00007f3388018000 DEOPT PACKING pc=0x00007f33718fc039 sp=0x00007f338ee96cb0
Event: 2.628 Thread 0x00007f3388018000 DEOPT UNPACKING pc=0x00007f337088764a sp=0x00007f338ee96200 mode 0
Event: 2.727 Thread 0x00007f3388018000 DEOPT PACKING pc=0x00007f3371546a40 sp=0x00007f338ee96930
Event: 2.727 Thread 0x00007f3388018000 DEOPT UNPACKING pc=0x00007f337088764a sp=0x00007f338ee95e68 mode 0
Event: 2.855 Thread 0x00007f3388018000 DEOPT PACKING pc=0x00007f33718c7c28 sp=0x00007f338ee96740
Event: 2.855 Thread 0x00007f3388018000 DEOPT UNPACKING pc=0x00007f337088764a sp=0x00007f338ee95c78 mode 0
Event: 2.868 Thread 0x00007f3388018000 Uncommon trap: trap_request=0xffffffde fr.pc=0x00007f33784dd688 relative=0x0000000000000248
Event: 2.868 Thread 0x00007f3388018000 Uncommon trap: reason=class_check action=maybe_recompile pc=0x00007f33784dd688 method=java.util.HashSet.contains(Ljava/lang/Object;)Z @ 5 c2
Event: 2.868 Thread 0x00007f3388018000 DEOPT PACKING pc=0x00007f33784dd688 sp=0x00007f338ee971c0
Event: 2.868 Thread 0x00007f3388018000 DEOPT UNPACKING pc=0x00007f3370886ea5 sp=0x00007f338ee97188 mode 2

Classes redefined (0 events):
No events

Internal exceptions (20 events):
Event: 0.694 Thread 0x00007f3388018000 Exception <a 'java/lang/NoSuchMethodError'{0x00000007166da9b0}: 'int java.lang.invoke.DirectMethodHandle$Holder.invokeStaticInit(java.lang.Object, java.lang.Object)'> (0x00000007166da9b0) thrown at [src/hotspot/share/interpreter/linkResolver.cpp, line 772]
Event: 0.707 Thread 0x00007f3388018000 Exception <a 'java/lang/NoSuchMethodError'{0x0000000716404720}: 'void java.lang.invoke.DirectMethodHandle$Holder.invokeStaticInit(java.lang.Object, java.lang.Object, java.lang.Object)'> (0x0000000716404720) thrown at [src/hotspot/share/interpreter/linkResolver.cpp, line 772]
Event: 0.722 Thread 0x00007f3388018000 Exception <a 'java/lang/NoSuchMethodError'{0x0000000716023c50}: 'java.lang.Object java.lang.invoke.DirectMethodHandle$Holder.newInvokeSpecial(java.lang.Object, int)'> (0x0000000716023c50) thrown at [src/hotspot/share/interpreter/linkResolver.cpp, line 772]
Event: 0.723 Thread 0x00007f3388018000 Exception <a 'java/lang/NoSuchMethodError'{0x0000000716031610}: 'java.lang.Object java.lang.invoke.Invokers$Holder.invokeExact_MT(java.lang.Object, int, java.lang.Object)'> (0x0000000716031610) thrown at [src/hotspot/share/interpreter/linkResolver.cpp, line 772]
Event: 0.943 Thread 0x00007f3388018000 Implicit null exception at 0x00007f33783a0c05 to 0x00007f33783a0de8
Event: 0.945 Thread 0x00007f3388018000 Implicit null exception at 0x00007f3378336a88 to 0x00007f3378336b1a
Event: 1.079 Thread 0x00007f3388018000 Implicit null exception at 0x00007f337833f804 to 0x00007f337833fd14
Event: 1.090 Thread 0x00007f33884aa000 Implicit null exception at 0x00007f33783ff97a to 0x00007f33783ffe58
Event: 1.093 Thread 0x00007f33884aa000 Implicit null exception at 0x00007f3378400268 to 0x00007f3378400729
Event: 1.105 Thread 0x00007f3388018000 Implicit null exception at 0x00007f33783e42f3 to 0x00007f33783e4614
Event: 1.159 Thread 0x00007f3388018000 Implicit null exception at 0x00007f337840928c to 0x00007f3378409484
Event: 1.425 Thread 0x00007f3388018000 Exception <a 'java/lang/NoSuchMethodError'{0x0000000715669078}: 'int java.lang.invoke.DirectMethodHandle$Holder.invokeSpecialIFC(java.lang.Object, java.lang.Object, int)'> (0x0000000715669078) thrown at [src/hotspot/share/interpreter/linkResolver.cpp, line 772]
Event: 1.524 Thread 0x00007f3388018000 Exception <a 'java/lang/NoSuchMethodError'{0x0000000717700b50}: 'int java.lang.invoke.DirectMethodHandle$Holder.invokeVirtual(java.lang.Object, java.lang.Object)'> (0x0000000717700b50) thrown at [src/hotspot/share/interpreter/linkResolver.cpp, line 772]
Event: 1.553 Thread 0x00007f3388018000 Exception <a 'java/lang/NoSuchMethodError'{0x00000007176584c0}: 'java.lang.Object java.lang.invoke.DirectMethodHandle$Holder.invokeStatic(java.lang.Object, java.lang.Object, java.lang.Object, java.lang.Object, java.lang.Object, java.lang.Object, java.lang.Object, java.lang.Object, java.lang.Object, java.lang.Object, java.lang.Object, java.lang.Object, java.lang.Object, java.lang.Object, java.lang.Object)'> (0x00000007176584c0) thrown at [src/hotspot/share/interpreter/linkResolver.cpp, line 772]
Event: 1.554 Thread 0x00007f3388018000 Exception <a 'java/lang/NoSuchMethodError'{0x0000000717666220}: 'java.lang.Object java.lang.invoke.DirectMethodHandle$Holder.invokeStatic(java.lang.Object, java.lang.Object, java.lang.Object, java.lang.Object, java.lang.Object, java.lang.Object, java.lang.Object, java.lang.Object, java.lang.Object, java.lang.Object, java.lang.Object, java.lang.Object, java.lang.Object, java.lang.Object, java.lang.Object, java.lang.Object)'> (0x0000000717666220) thrown at [src/hotspot/share/interpreter/linkResolver.cpp, lin
Event: 1.555 Thread 0x00007f3388018000 Exception <a 'java/lang/NoSuchMethodError'{0x0000000717673e90}: 'java.lang.Object java.lang.invoke.DirectMethodHandle$Holder.invokeSpecial(java.lang.Object, java.lang.Object, int, int, java.lang.Object, java.lang.Object, java.lang.Object)'> (0x0000000717673e90) thrown at [src/hotspot/share/interpreter/linkResolver.cpp, line 772]
Event: 1.555 Thread 0x00007f3388018000 Exception <a 'java/lang/NoSuchMethodError'{0x0000000717677420}: 'java.lang.Object java.lang.invoke.DelegatingMethodHandle$Holder.reinvoke_L(java.lang.Object, int, int, java.lang.Object, java.lang.Object, java.lang.Object)'> (0x0000000717677420) thrown at [src/hotspot/share/interpreter/linkResolver.cpp, line 772]
Event: 1.555 Thread 0x00007f3388018000 Exception <a 'java/lang/NoSuchMethodError'{0x000000071767b7a8}: 'java.lang.Object java.lang.invoke.DirectMethodHandle$Holder.invokeStatic(java.lang.Object, java.lang.Object, java.lang.Object, java.lang.Object, int)'> (0x000000071767b7a8) thrown at [src/hotspot/share/interpreter/linkResolver.cpp, line 772]
Event: 1.617 Thread 0x00007f3388018000 Exception <a 'java/lang/NoSuchMethodError'{0x0000000716ba81c8}: 'java.lang.Object java.lang.invoke.DirectMethodHandle$Holder.invokeStatic(java.lang.Object, int, java.lang.Object)'> (0x0000000716ba81c8) thrown at [src/hotspot/share/interpreter/linkResolver.cpp, line 772]
Event: 1.688 Thread 0x00007f3388018000 Exception <a 'java/lang/NoSuchMethodError'{0x0000000716681bf0}: 'void java.lang.invoke.DirectMethodHandle$Holder.invokeStatic(java.lang.Object, java.lang.Object, java.lang.Object, java.lang.Object)'> (0x0000000716681bf0) thrown at [src/hotspot/share/interpreter/linkResolver.cpp, line 772]

Events (20 events):
Event: 2.878 loading class org/eclipse/xtext/serializer/analysis/GrammarPDAProvider$ToOriginal done
Event: 2.879 loading class com/google/common/base/Functions
Event: 2.879 loading class com/google/common/base/Functions done
Event: 2.879 loading class com/google/common/base/Functions$IdentityFunction
Event: 2.879 loading class com/google/common/base/Functions$IdentityFunction done
Event: 2.879 loading class org/eclipse/xtext/serializer/analysis/ISerState$SerStateType
Event: 2.879 loading class org/eclipse/xtext/serializer/analysis/ISerState$SerStateType done
Event: 2.879 loading class org/eclipse/xtext/util/formallang/CfgUtil
Event: 2.879 loading class org/eclipse/xtext/util/formallang/CfgUtil done
Event: 2.879 loading class org/eclipse/xtext/util/formallang/ProductionUtil
Event: 2.879 loading class org/eclipse/xtext/util/formallang/ProductionUtil done
Event: 2.880 loading class org/eclipse/xtext/serializer/analysis/SerializationContextMap$MutableEntry
Event: 2.880 loading class org/eclipse/xtext/serializer/analysis/SerializationContextMap$MutableEntry done
Event: 2.892 loading class org/eclipse/xtext/serializer/analysis/ContextPDAProvider$2
Event: 2.892 loading class org/eclipse/xtext/serializer/analysis/ContextPDAProvider$2 done
Event: 2.893 loading class org/eclipse/xtext/serializer/analysis/ContextPDAProvider$1
Event: 2.893 loading class org/eclipse/xtext/serializer/analysis/ContextPDAProvider$1 done
Event: 2.893 loading class org/eclipse/xtext/serializer/analysis/ContextPDAProvider$3
Event: 2.893 loading class org/eclipse/xtext/serializer/analysis/ContextPDAProvider$3 done
Event: 2.900 Executing VM operation: G1CollectForAllocation


Dynamic libraries:
708000000-717800000 rw-p 00000000 00:00 0 
717800000-7bfe00000 ---p 00000000 00:00 0 
7bfe00000-7bfe47000 rw-p 01118000 103:02 5773226                         /usr/lib/jvm/java-11-openjdk-amd64/lib/server/classes.jsa
7bfe47000-7bff00000 rw-p 00000000 00:00 0 
7bff00000-7bff6b000 rw-p 010ad000 103:02 5773226                         /usr/lib/jvm/java-11-openjdk-amd64/lib/server/classes.jsa
7bff6b000-7c0000000 rw-p 00000000 00:00 0 
7c0000000-800000000 ---p 00000000 00:00 0 
800000000-800002000 rwxp 00001000 103:02 5773226                         /usr/lib/jvm/java-11-openjdk-amd64/lib/server/classes.jsa
800002000-8003cb000 rw-p 00003000 103:02 5773226                         /usr/lib/jvm/java-11-openjdk-amd64/lib/server/classes.jsa
8003cb000-800a99000 r--p 003cc000 103:02 5773226                         /usr/lib/jvm/java-11-openjdk-amd64/lib/server/classes.jsa
800a99000-800a9a000 rw-p 00a9a000 103:02 5773226                         /usr/lib/jvm/java-11-openjdk-amd64/lib/server/classes.jsa
800a9a000-8010ac000 r--p 00a9b000 103:02 5773226                         /usr/lib/jvm/java-11-openjdk-amd64/lib/server/classes.jsa
840000000-840380000 rw-p 00000000 00:00 0 
840380000-880000000 ---p 00000000 00:00 0 
5560c1f43000-5560c1f44000 r--p 00000000 103:02 5784468                   /usr/lib/jvm/java-11-openjdk-amd64/bin/java
5560c1f44000-5560c1f45000 r-xp 00001000 103:02 5784468                   /usr/lib/jvm/java-11-openjdk-amd64/bin/java
5560c1f45000-5560c1f46000 r--p 00002000 103:02 5784468                   /usr/lib/jvm/java-11-openjdk-amd64/bin/java
5560c1f46000-5560c1f47000 r--p 00002000 103:02 5784468                   /usr/lib/jvm/java-11-openjdk-amd64/bin/java
5560c1f47000-5560c1f48000 rw-p 00003000 103:02 5784468                   /usr/lib/jvm/java-11-openjdk-amd64/bin/java
5560c301f000-5560c3040000 rw-p 00000000 00:00 0                          [heap]
7f32f8000000-7f32f8021000 rw-p 00000000 00:00 0 
7f32f8021000-7f32fc000000 ---p 00000000 00:00 0 
7f3300000000-7f3300021000 rw-p 00000000 00:00 0 
7f3300021000-7f3304000000 ---p 00000000 00:00 0 
7f3304000000-7f3304021000 rw-p 00000000 00:00 0 
7f3304021000-7f3308000000 ---p 00000000 00:00 0 
7f330abfd000-7f330adbd000 rw-p 00000000 00:00 0 
7f330adbd000-7f330adfd000 ---p 00000000 00:00 0 
7f330adfd000-7f330affd000 rw-p 00000000 00:00 0 
7f330affd000-7f330b1fd000 rw-p 00000000 00:00 0 
7f330b1fd000-7f330b1fe000 ---p 00000000 00:00 0 
7f330b1fe000-7f330b4ff000 rw-p 00000000 00:00 0 
7f330b4ff000-7f330b6ff000 rw-p 00000000 00:00 0 
7f330b6ff000-7f330b8ff000 rw-p 00000000 00:00 0 
7f330b8ff000-7f330baff000 rw-p 00000000 00:00 0 
7f330baff000-7f330bcff000 rw-p 00000000 00:00 0 
7f330bcff000-7f330beff000 rw-p 00000000 00:00 0 
7f330beff000-7f330bf03000 ---p 00000000 00:00 0 
7f330bf03000-7f330c000000 rw-p 00000000 00:00 0 
7f330c000000-7f330c021000 rw-p 00000000 00:00 0 
7f330c021000-7f3310000000 ---p 00000000 00:00 0 
7f3310000000-7f3310021000 rw-p 00000000 00:00 0 
7f3310021000-7f3314000000 ---p 00000000 00:00 0 
7f3314000000-7f3314021000 rw-p 00000000 00:00 0 
7f3314021000-7f3318000000 ---p 00000000 00:00 0 
7f3318000000-7f3318021000 rw-p 00000000 00:00 0 
7f3318021000-7f331c000000 ---p 00000000 00:00 0 
7f331c000000-7f331d221000 rw-p 00000000 00:00 0 
7f331d221000-7f3320000000 ---p 00000000 00:00 0 
7f3320000000-7f3320021000 rw-p 00000000 00:00 0 
7f3320021000-7f3324000000 ---p 00000000 00:00 0 
7f3324000000-7f3324021000 rw-p 00000000 00:00 0 
7f3324021000-7f3328000000 ---p 00000000 00:00 0 
7f3328000000-7f3328d11000 rw-p 00000000 00:00 0 
7f3328d11000-7f332c000000 ---p 00000000 00:00 0 
7f332c000000-7f332c021000 rw-p 00000000 00:00 0 
7f332c021000-7f3330000000 ---p 00000000 00:00 0 
7f3330000000-7f3330021000 rw-p 00000000 00:00 0 
7f3330021000-7f3334000000 ---p 00000000 00:00 0 
7f3334000000-7f3335205000 rw-p 00000000 00:00 0 
7f3335205000-7f3338000000 ---p 00000000 00:00 0 
7f3338000000-7f3338932000 rw-p 00000000 00:00 0 
7f3338932000-7f333c000000 ---p 00000000 00:00 0 
7f333c000000-7f333c021000 rw-p 00000000 00:00 0 
7f333c021000-7f3340000000 ---p 00000000 00:00 0 
7f3340000000-7f3340021000 rw-p 00000000 00:00 0 
7f3340021000-7f3344000000 ---p 00000000 00:00 0 
7f3344000000-7f3344021000 rw-p 00000000 00:00 0 
7f3344021000-7f3348000000 ---p 00000000 00:00 0 
7f3348000000-7f3348021000 rw-p 00000000 00:00 0 
7f3348021000-7f334c000000 ---p 00000000 00:00 0 
7f334c000000-7f334c021000 rw-p 00000000 00:00 0 
7f334c021000-7f3350000000 ---p 00000000 00:00 0 
7f3350000000-7f3350021000 rw-p 00000000 00:00 0 
7f3350021000-7f3354000000 ---p 00000000 00:00 0 
7f3354000000-7f3354021000 rw-p 00000000 00:00 0 
7f3354021000-7f3358000000 ---p 00000000 00:00 0 
7f3358000000-7f3358021000 rw-p 00000000 00:00 0 
7f3358021000-7f335c000000 ---p 00000000 00:00 0 
7f335c076000-7f335c077000 ---p 00000000 00:00 0 
7f335c077000-7f335c178000 rw-p 00000000 00:00 0 
7f335c178000-7f335c179000 ---p 00000000 00:00 0 
7f335c179000-7f335c27a000 rw-p 00000000 00:00 0 
7f335c27a000-7f335c27b000 ---p 00000000 00:00 0 
7f335c27b000-7f335c37c000 rw-p 00000000 00:00 0 
7f335c37c000-7f335c37d000 ---p 00000000 00:00 0 
7f335c37d000-7f335c47e000 rw-p 00000000 00:00 0 
7f335c47e000-7f335c47f000 ---p 00000000 00:00 0 
7f335c47f000-7f335c580000 rw-p 00000000 00:00 0 
7f335c580000-7f335c581000 ---p 00000000 00:00 0 
7f335c581000-7f335c682000 rw-p 00000000 00:00 0 
7f335c682000-7f335c686000 ---p 00000000 00:00 0 
7f335c686000-7f335c783000 rw-p 00000000 00:00 0 
7f335c783000-7f335c787000 ---p 00000000 00:00 0 
7f335c787000-7f335c884000 rw-p 00000000 00:00 0 
7f335c884000-7f335c888000 ---p 00000000 00:00 0 
7f335c888000-7f335c985000 rw-p 00000000 00:00 0 
7f335c985000-7f335c986000 ---p 00000000 00:00 0 
7f335c986000-7f335ca87000 rw-p 00000000 00:00 0 
7f335ca87000-7f335ca8b000 ---p 00000000 00:00 0 
7f335ca8b000-7f335cb88000 rw-p 00000000 00:00 0 
7f335cb88000-7f335cb8c000 ---p 00000000 00:00 0 
7f335cb8c000-7f335cc89000 rw-p 00000000 00:00 0 
7f335cc89000-7f335cc8d000 ---p 00000000 00:00 0 
7f335cc8d000-7f335cd8a000 rw-p 00000000 00:00 0 
7f335cd8a000-7f335cd8e000 ---p 00000000 00:00 0 
7f335cd8e000-7f335ce8b000 rw-p 00000000 00:00 0 
7f335ce8b000-7f335ce8f000 ---p 00000000 00:00 0 
7f335ce8f000-7f335cf8c000 rw-p 00000000 00:00 0 
7f335cf8c000-7f335d4fc000 r--p 00000000 103:02 5513930                   /usr/lib/locale/locale-archive
7f335d4fc000-7f335d500000 ---p 00000000 00:00 0 
7f335d500000-7f335d5fd000 rw-p 00000000 00:00 0 
7f335d5fd000-7f335d601000 ---p 00000000 00:00 0 
7f335d601000-7f335d6fe000 rw-p 00000000 00:00 0 
7f335d6fe000-7f335d6ff000 ---p 00000000 00:00 0 
7f335d6ff000-7f3360000000 rw-p 00000000 00:00 0 
7f3360000000-7f3360021000 rw-p 00000000 00:00 0 
7f3360021000-7f3364000000 ---p 00000000 00:00 0 
7f336407a000-7f33640fb000 rw-p 00000000 00:00 0 
7f33640fb000-7f33640fc000 ---p 00000000 00:00 0 
7f33640fc000-7f33641fd000 rw-p 00000000 00:00 0 
7f33641fd000-7f33641fe000 ---p 00000000 00:00 0 
7f33641fe000-7f33647e0000 rw-p 00000000 00:00 0 
7f33647e0000-7f33671f8000 ---p 00000000 00:00 0 
7f33671f8000-7f3367200000 rw-p 00000000 00:00 0 
7f3367200000-7f3368200000 ---p 00000000 00:00 0 
7f3368200000-7f33685e0000 rw-p 00000000 00:00 0 
7f33685e0000-7f336aff8000 ---p 00000000 00:00 0 
7f336aff8000-7f336b000000 rw-p 00000000 00:00 0 
7f336b000000-7f336c000000 ---p 00000000 00:00 0 
7f336c000000-7f336c021000 rw-p 00000000 00:00 0 
7f336c021000-7f3370000000 ---p 00000000 00:00 0 
7f3370003000-7f337073b000 rw-p 00000000 00:00 0 
7f337073b000-7f337073c000 ---p 00000000 00:00 0 
7f337073c000-7f337083d000 rw-p 00000000 00:00 0 
7f337083d000-7f3370aad000 rwxp 00000000 00:00 0 
7f3370aad000-7f3370dce000 ---p 00000000 00:00 0 
7f3370dce000-7f3371abe000 rwxp 00000000 00:00 0 
7f3371abe000-7f3378305000 ---p 00000000 00:00 0 
7f3378305000-7f3378575000 rwxp 00000000 00:00 0 
7f3378575000-7f337f83d000 ---p 00000000 00:00 0 
7f337f83d000-7f3388000000 r--s 00000000 103:02 5784546                   /usr/lib/jvm/java-11-openjdk-amd64/lib/modules
7f3388000000-7f3388dde000 rw-p 00000000 00:00 0 
7f3388dde000-7f338c000000 ---p 00000000 00:00 0 
7f338c00a000-7f338c00e000 r--p 00000000 103:02 5784536                   /usr/lib/jvm/java-11-openjdk-amd64/lib/libnet.so
7f338c00e000-7f338c01c000 r-xp 00004000 103:02 5784536                   /usr/lib/jvm/java-11-openjdk-amd64/lib/libnet.so
7f338c01c000-7f338c020000 r--p 00012000 103:02 5784536                   /usr/lib/jvm/java-11-openjdk-amd64/lib/libnet.so
7f338c020000-7f338c021000 r--p 00015000 103:02 5784536                   /usr/lib/jvm/java-11-openjdk-amd64/lib/libnet.so
7f338c021000-7f338c022000 rw-p 00016000 103:02 5784536                   /usr/lib/jvm/java-11-openjdk-amd64/lib/libnet.so
7f338c022000-7f338c029000 r--p 00000000 103:02 5784537                   /usr/lib/jvm/java-11-openjdk-amd64/lib/libnio.so
7f338c029000-7f338c031000 r-xp 00007000 103:02 5784537                   /usr/lib/jvm/java-11-openjdk-amd64/lib/libnio.so
7f338c031000-7f338c034000 r--p 0000f000 103:02 5784537                   /usr/lib/jvm/java-11-openjdk-amd64/lib/libnio.so
7f338c034000-7f338c035000 r--p 00011000 103:02 5784537                   /usr/lib/jvm/java-11-openjdk-amd64/lib/libnio.so
7f338c035000-7f338c036000 rw-p 00012000 103:02 5784537                   /usr/lib/jvm/java-11-openjdk-amd64/lib/libnio.so
7f338c036000-7f338c0b9000 rw-p 00000000 00:00 0 
7f338c0b9000-7f338c0ba000 ---p 00000000 00:00 0 
7f338c0ba000-7f338c337000 rw-p 00000000 00:00 0 
7f338c337000-7f338c87a000 ---p 00000000 00:00 0 
7f338c87a000-7f338c87b000 rw-p 00000000 00:00 0 
7f338c87b000-7f338ca7b000 ---p 00000000 00:00 0 
7f338ca7b000-7f338caf7000 rw-p 00000000 00:00 0 
7f338caf7000-7f338d03a000 ---p 00000000 00:00 0 
7f338d03a000-7f338d03b000 rw-p 00000000 00:00 0 
7f338d03b000-7f338d23b000 ---p 00000000 00:00 0 
7f338d23b000-7f338d2b7000 rw-p 00000000 00:00 0 
7f338d2b7000-7f338d7fa000 ---p 00000000 00:00 0 
7f338d7fa000-7f338d7fb000 rw-p 00000000 00:00 0 
7f338d7fb000-7f338d9fb000 ---p 00000000 00:00 0 
7f338d9fb000-7f338e203000 rw-p 00000000 00:00 0 
7f338e203000-7f338e204000 ---p 00000000 00:00 0 
7f338e204000-7f338e30a000 rw-p 00000000 00:00 0 
7f338e30a000-7f338e3f0000 ---p 00000000 00:00 0 
7f338e3f0000-7f338e40a000 rw-p 00000000 00:00 0 
7f338e40a000-7f338e4db000 ---p 00000000 00:00 0 
7f338e4db000-7f338ece0000 r--s 00000000 103:02 13250301                  /var/lib/sss/mc/passwd
7f338ece0000-7f338ece6000 r--p 00000000 103:02 5505337                   /usr/lib/x86_64-linux-gnu/libnss_systemd.so.2
7f338ece6000-7f338ed0c000 r-xp 00006000 103:02 5505337                   /usr/lib/x86_64-linux-gnu/libnss_systemd.so.2
7f338ed0c000-7f338ed18000 r--p 0002c000 103:02 5505337                   /usr/lib/x86_64-linux-gnu/libnss_systemd.so.2
7f338ed18000-7f338ed1b000 r--p 00037000 103:02 5505337                   /usr/lib/x86_64-linux-gnu/libnss_systemd.so.2
7f338ed1b000-7f338ed1c000 rw-p 0003a000 103:02 5505337                   /usr/lib/x86_64-linux-gnu/libnss_systemd.so.2
7f338ed1c000-7f338ed1f000 r--p 00000000 103:02 5530072                   /usr/lib/x86_64-linux-gnu/libnss_files-2.31.so
7f338ed1f000-7f338ed26000 r-xp 00003000 103:02 5530072                   /usr/lib/x86_64-linux-gnu/libnss_files-2.31.so
7f338ed26000-7f338ed28000 r--p 0000a000 103:02 5530072                   /usr/lib/x86_64-linux-gnu/libnss_files-2.31.so
7f338ed28000-7f338ed29000 r--p 0000b000 103:02 5530072                   /usr/lib/x86_64-linux-gnu/libnss_files-2.31.so
7f338ed29000-7f338ed2a000 rw-p 0000c000 103:02 5530072                   /usr/lib/x86_64-linux-gnu/libnss_files-2.31.so
7f338ed2a000-7f338ed30000 rw-p 00000000 00:00 0 
7f338ed41000-7f338ed46000 rw-p 00000000 00:00 0 
7f338ed46000-7f338ed4d000 ---p 00000000 00:00 0 
7f338ed4d000-7f338ed4f000 r--p 00000000 103:02 5784545                   /usr/lib/jvm/java-11-openjdk-amd64/lib/libzip.so
7f338ed4f000-7f338ed54000 r-xp 00002000 103:02 5784545                   /usr/lib/jvm/java-11-openjdk-amd64/lib/libzip.so
7f338ed54000-7f338ed56000 r--p 00007000 103:02 5784545                   /usr/lib/jvm/java-11-openjdk-amd64/lib/libzip.so
7f338ed56000-7f338ed57000 r--p 00008000 103:02 5784545                   /usr/lib/jvm/java-11-openjdk-amd64/lib/libzip.so
7f338ed57000-7f338ed58000 rw-p 00009000 103:02 5784545                   /usr/lib/jvm/java-11-openjdk-amd64/lib/libzip.so
7f338ed58000-7f338ed60000 rw-s 00000000 103:02 6033168                   /tmp/hsperfdata_k21050800/3511168
7f338ed60000-7f338ed6e000 r--p 00000000 103:02 5784525                   /usr/lib/jvm/java-11-openjdk-amd64/lib/libjava.so
7f338ed6e000-7f338ed84000 r-xp 0000e000 103:02 5784525                   /usr/lib/jvm/java-11-openjdk-amd64/lib/libjava.so
7f338ed84000-7f338ed8b000 r--p 00024000 103:02 5784525                   /usr/lib/jvm/java-11-openjdk-amd64/lib/libjava.so
7f338ed8b000-7f338ed8c000 r--p 0002a000 103:02 5784525                   /usr/lib/jvm/java-11-openjdk-amd64/lib/libjava.so
7f338ed8c000-7f338ed8d000 rw-p 0002b000 103:02 5784525                   /usr/lib/jvm/java-11-openjdk-amd64/lib/libjava.so
7f338ed8d000-7f338ed8e000 rw-p 00000000 00:00 0 
7f338ed8e000-7f338ed90000 r--p 00000000 103:02 5530079                   /usr/lib/x86_64-linux-gnu/librt-2.31.so
7f338ed90000-7f338ed94000 r-xp 00002000 103:02 5530079                   /usr/lib/x86_64-linux-gnu/librt-2.31.so
7f338ed94000-7f338ed96000 r--p 00006000 103:02 5530079                   /usr/lib/x86_64-linux-gnu/librt-2.31.so
7f338ed96000-7f338ed97000 r--p 00007000 103:02 5530079                   /usr/lib/x86_64-linux-gnu/librt-2.31.so
7f338ed97000-7f338ed98000 rw-p 00008000 103:02 5530079                   /usr/lib/x86_64-linux-gnu/librt-2.31.so
7f338ed98000-7f338ed9c000 ---p 00000000 00:00 0 
7f338ed9c000-7f338ee99000 rw-p 00000000 00:00 0 
7f338ee99000-7f338ee9c000 r--p 00000000 103:02 5505497                   /usr/lib/x86_64-linux-gnu/libgcc_s.so.1
7f338ee9c000-7f338eeae000 r-xp 00003000 103:02 5505497                   /usr/lib/x86_64-linux-gnu/libgcc_s.so.1
7f338eeae000-7f338eeb2000 r--p 00015000 103:02 5505497                   /usr/lib/x86_64-linux-gnu/libgcc_s.so.1
7f338eeb2000-7f338eeb3000 r--p 00018000 103:02 5505497                   /usr/lib/x86_64-linux-gnu/libgcc_s.so.1
7f338eeb3000-7f338eeb4000 rw-p 00019000 103:02 5505497                   /usr/lib/x86_64-linux-gnu/libgcc_s.so.1
7f338eeb4000-7f338eec1000 r--p 00000000 103:02 5530066                   /usr/lib/x86_64-linux-gnu/libm-2.31.so
7f338eec1000-7f338ef68000 r-xp 0000d000 103:02 5530066                   /usr/lib/x86_64-linux-gnu/libm-2.31.so
7f338ef68000-7f338f001000 r--p 000b4000 103:02 5530066                   /usr/lib/x86_64-linux-gnu/libm-2.31.so
7f338f001000-7f338f002000 r--p 0014c000 103:02 5530066                   /usr/lib/x86_64-linux-gnu/libm-2.31.so
7f338f002000-7f338f003000 rw-p 0014d000 103:02 5530066                   /usr/lib/x86_64-linux-gnu/libm-2.31.so
7f338f003000-7f338f099000 r--p 00000000 103:02 5505498                   /usr/lib/x86_64-linux-gnu/libstdc++.so.6.0.28
7f338f099000-7f338f18a000 r-xp 00096000 103:02 5505498                   /usr/lib/x86_64-linux-gnu/libstdc++.so.6.0.28
7f338f18a000-7f338f1d3000 r--p 00187000 103:02 5505498                   /usr/lib/x86_64-linux-gnu/libstdc++.so.6.0.28
7f338f1d3000-7f338f1d4000 ---p 001d0000 103:02 5505498                   /usr/lib/x86_64-linux-gnu/libstdc++.so.6.0.28
7f338f1d4000-7f338f1df000 r--p 001d0000 103:02 5505498                   /usr/lib/x86_64-linux-gnu/libstdc++.so.6.0.28
7f338f1df000-7f338f1e2000 rw-p 001db000 103:02 5505498                   /usr/lib/x86_64-linux-gnu/libstdc++.so.6.0.28
7f338f1e2000-7f338f1e5000 rw-p 00000000 00:00 0 
7f338f1e5000-7f338f467000 r--p 00000000 103:02 5784549                   /usr/lib/jvm/java-11-openjdk-amd64/lib/server/libjvm.so
7f338f467000-7f33900ec000 r-xp 00282000 103:02 5784549                   /usr/lib/jvm/java-11-openjdk-amd64/lib/server/libjvm.so
7f33900ec000-7f3390348000 r--p 00f07000 103:02 5784549                   /usr/lib/jvm/java-11-openjdk-amd64/lib/server/libjvm.so
7f3390348000-7f339040c000 r--p 01162000 103:02 5784549                   /usr/lib/jvm/java-11-openjdk-amd64/lib/server/libjvm.so
7f339040c000-7f3390447000 rw-p 01226000 103:02 5784549                   /usr/lib/jvm/java-11-openjdk-amd64/lib/server/libjvm.so
7f3390447000-7f33904a0000 rw-p 00000000 00:00 0 
7f33904a0000-7f33904a6000 r--p 00000000 103:02 5530077                   /usr/lib/x86_64-linux-gnu/libpthread-2.31.so
7f33904a6000-7f33904b7000 r-xp 00006000 103:02 5530077                   /usr/lib/x86_64-linux-gnu/libpthread-2.31.so
7f33904b7000-7f33904bd000 r--p 00017000 103:02 5530077                   /usr/lib/x86_64-linux-gnu/libpthread-2.31.so
7f33904bd000-7f33904be000 r--p 0001c000 103:02 5530077                   /usr/lib/x86_64-linux-gnu/libpthread-2.31.so
7f33904be000-7f33904bf000 rw-p 0001d000 103:02 5530077                   /usr/lib/x86_64-linux-gnu/libpthread-2.31.so
7f33904bf000-7f33904c3000 rw-p 00000000 00:00 0 
7f33904c3000-7f33904c4000 r--p 00000000 103:02 5530065                   /usr/lib/x86_64-linux-gnu/libdl-2.31.so
7f33904c4000-7f33904c6000 r-xp 00001000 103:02 5530065                   /usr/lib/x86_64-linux-gnu/libdl-2.31.so
7f33904c6000-7f33904c7000 r--p 00003000 103:02 5530065                   /usr/lib/x86_64-linux-gnu/libdl-2.31.so
7f33904c7000-7f33904c8000 r--p 00003000 103:02 5530065                   /usr/lib/x86_64-linux-gnu/libdl-2.31.so
7f33904c8000-7f33904c9000 rw-p 00004000 103:02 5530065                   /usr/lib/x86_64-linux-gnu/libdl-2.31.so
7f33904c9000-7f33904cb000 r--p 00000000 103:02 5507917                   /usr/lib/x86_64-linux-gnu/libz.so.1.2.11
7f33904cb000-7f33904dc000 r-xp 00002000 103:02 5507917                   /usr/lib/x86_64-linux-gnu/libz.so.1.2.11
7f33904dc000-7f33904e2000 r--p 00013000 103:02 5507917                   /usr/lib/x86_64-linux-gnu/libz.so.1.2.11
7f33904e2000-7f33904e3000 ---p 00019000 103:02 5507917                   /usr/lib/x86_64-linux-gnu/libz.so.1.2.11
7f33904e3000-7f33904e4000 r--p 00019000 103:02 5507917                   /usr/lib/x86_64-linux-gnu/libz.so.1.2.11
7f33904e4000-7f33904e5000 rw-p 0001a000 103:02 5507917                   /usr/lib/x86_64-linux-gnu/libz.so.1.2.11
7f33904e5000-7f3390507000 r--p 00000000 103:02 5530064                   /usr/lib/x86_64-linux-gnu/libc-2.31.so
7f3390507000-7f339067f000 r-xp 00022000 103:02 5530064                   /usr/lib/x86_64-linux-gnu/libc-2.31.so
7f339067f000-7f33906cd000 r--p 0019a000 103:02 5530064                   /usr/lib/x86_64-linux-gnu/libc-2.31.so
7f33906cd000-7f33906d1000 r--p 001e7000 103:02 5530064                   /usr/lib/x86_64-linux-gnu/libc-2.31.so
7f33906d1000-7f33906d3000 rw-p 001eb000 103:02 5530064                   /usr/lib/x86_64-linux-gnu/libc-2.31.so
7f33906d3000-7f33906d7000 rw-p 00000000 00:00 0 
7f33906dc000-7f33906de000 r--s 0000c000 103:02 6429835                   /usr/share/java/java-atk-wrapper.jar
7f33906de000-7f33906e0000 r--p 00000000 103:02 5508495                   /usr/lib/x86_64-linux-gnu/libnss_sss.so.2
7f33906e0000-7f33906e6000 r-xp 00002000 103:02 5508495                   /usr/lib/x86_64-linux-gnu/libnss_sss.so.2
7f33906e6000-7f33906e8000 r--p 00008000 103:02 5508495                   /usr/lib/x86_64-linux-gnu/libnss_sss.so.2
7f33906e8000-7f33906e9000 r--p 00009000 103:02 5508495                   /usr/lib/x86_64-linux-gnu/libnss_sss.so.2
7f33906e9000-7f33906ea000 rw-p 0000a000 103:02 5508495                   /usr/lib/x86_64-linux-gnu/libnss_sss.so.2
7f33906ea000-7f33906eb000 ---p 00000000 00:00 0 
7f33906eb000-7f33906ec000 r--p 00000000 00:00 0 
7f33906ec000-7f33906ee000 r--p 00000000 103:02 5784528                   /usr/lib/jvm/java-11-openjdk-amd64/lib/libjimage.so
7f33906ee000-7f33906f1000 r-xp 00002000 103:02 5784528                   /usr/lib/jvm/java-11-openjdk-amd64/lib/libjimage.so
7f33906f1000-7f33906f2000 r--p 00005000 103:02 5784528                   /usr/lib/jvm/java-11-openjdk-amd64/lib/libjimage.so
7f33906f2000-7f33906f3000 ---p 00006000 103:02 5784528                   /usr/lib/jvm/java-11-openjdk-amd64/lib/libjimage.so
7f33906f3000-7f33906f4000 r--p 00006000 103:02 5784528                   /usr/lib/jvm/java-11-openjdk-amd64/lib/libjimage.so
7f33906f4000-7f33906f5000 rw-p 00007000 103:02 5784528                   /usr/lib/jvm/java-11-openjdk-amd64/lib/libjimage.so
7f33906f5000-7f33906fa000 r--p 00000000 103:02 5784544                   /usr/lib/jvm/java-11-openjdk-amd64/lib/libverify.so
7f33906fa000-7f3390701000 r-xp 00005000 103:02 5784544                   /usr/lib/jvm/java-11-openjdk-amd64/lib/libverify.so
7f3390701000-7f3390703000 r--p 0000c000 103:02 5784544                   /usr/lib/jvm/java-11-openjdk-amd64/lib/libverify.so
7f3390703000-7f3390704000 ---p 0000e000 103:02 5784544                   /usr/lib/jvm/java-11-openjdk-amd64/lib/libverify.so
7f3390704000-7f3390706000 r--p 0000e000 103:02 5784544                   /usr/lib/jvm/java-11-openjdk-amd64/lib/libverify.so
7f3390706000-7f3390707000 rw-p 00010000 103:02 5784544                   /usr/lib/jvm/java-11-openjdk-amd64/lib/libverify.so
7f3390707000-7f339070a000 r--p 00000000 103:02 5784510                   /usr/lib/jvm/java-11-openjdk-amd64/lib/jli/libjli.so
7f339070a000-7f3390714000 r-xp 00003000 103:02 5784510                   /usr/lib/jvm/java-11-openjdk-amd64/lib/jli/libjli.so
7f3390714000-7f3390717000 r--p 0000d000 103:02 5784510                   /usr/lib/jvm/java-11-openjdk-amd64/lib/jli/libjli.so
7f3390717000-7f3390718000 ---p 00010000 103:02 5784510                   /usr/lib/jvm/java-11-openjdk-amd64/lib/jli/libjli.so
7f3390718000-7f3390719000 r--p 00010000 103:02 5784510                   /usr/lib/jvm/java-11-openjdk-amd64/lib/jli/libjli.so
7f3390719000-7f339071a000 rw-p 00011000 103:02 5784510                   /usr/lib/jvm/java-11-openjdk-amd64/lib/jli/libjli.so
7f339071a000-7f339071c000 rw-p 00000000 00:00 0 
7f339071c000-7f339071d000 r--p 00000000 103:02 5530060                   /usr/lib/x86_64-linux-gnu/ld-2.31.so
7f339071d000-7f3390740000 r-xp 00001000 103:02 5530060                   /usr/lib/x86_64-linux-gnu/ld-2.31.so
7f3390740000-7f3390748000 r--p 00024000 103:02 5530060                   /usr/lib/x86_64-linux-gnu/ld-2.31.so
7f3390749000-7f339074a000 r--p 0002c000 103:02 5530060                   /usr/lib/x86_64-linux-gnu/ld-2.31.so
7f339074a000-7f339074b000 rw-p 0002d000 103:02 5530060                   /usr/lib/x86_64-linux-gnu/ld-2.31.so
7f339074b000-7f339074c000 rw-p 00000000 00:00 0 
7fff048fa000-7fff0491c000 rw-p 00000000 00:00 0                          [stack]
7fff04994000-7fff04998000 r--p 00000000 00:00 0                          [vvar]
7fff04998000-7fff0499a000 r-xp 00000000 00:00 0                          [vdso]
ffffffffff600000-ffffffffff601000 --xp 00000000 00:00 0                  [vsyscall]


VM Arguments:
jvm_args: -Dfile.encoding=UTF-8 
java_command: org.eclipse.emf.mwe2.launch.runtime.Mwe2Launcher src/uk/ac/kcl/farm/GenerateFarm.mwe2
java_class_path (initial): /home/k21050800/Documents/coursework-group-18/uk.ac.kcl.farm/bin:/home/k21050800/.eclipse/org.eclipse.platform_4.20.0_1819824045_linux_gtk_x86_64/plugins/org.eclipse.xtext_2.26.0.v20220228-0751.jar:/opt/eclipse/modeling-2021-06/eclipse/plugins/org.eclipse.emf.ecore.xmi_2.16.0.v20190528-0725.jar:/opt/eclipse/modeling-2021-06/eclipse/plugins/org.eclipse.emf.ecore_2.24.0.v20210405-0628.jar:/opt/eclipse/modeling-2021-06/eclipse/plugins/org.eclipse.emf.common_2.22.0.v20210319-0732.jar:/opt/eclipse/modeling-2021-06/eclipse/plugins/org.antlr.runtime_3.2.0.v201101311130.jar:/home/k21050800/.eclipse/org.eclipse.platform_4.20.0_1819824045_linux_gtk_x86_64/plugins/com.google.inject_5.0.1.v20210324-2015.jar:/opt/eclipse/modeling-2021-06/eclipse/plugins/org.eclipse.emf.mwe.core_1.6.1.v20210218-2134.jar:/opt/eclipse/modeling-2021-06/eclipse/plugins/org.apache.commons.cli_1.4.0.v20200417-1444.jar:/home/k21050800/.eclipse/org.eclipse.platform_4.20.0_1819824045_linux_gtk_x86_64/plugins/org.eclipse.emf.mwe2.runtime_2.12.2.v20220118-1914.jar:/home/k21050800/.eclipse/org.eclipse.platform_4.20.0_1819824045_linux_gtk_x86_64/plugins/org.eclipse.emf.mwe.utils_1.6.2.v20220118-1914.jar:/home/k21050800/.eclipse/org.eclipse.platform_4.20.0_1819824045_linux_gtk_x86_64/plugins/org.eclipse.xtext.util_2.26.0.v20220228-0751.jar:/opt/eclipse/modeling-2021-06/eclipse/plugins/com.google.guava_30.1.0.v20210127-2300.jar:/opt/eclipse/modeling-2021-06/eclipse/plugins/javax.inject_1.0.0.v20091030.jar:/home/k21050800/.eclipse/org.eclipse.platform_4.20.0_1819824045_linux_gtk_x86_64/plugins/org.eclipse.xtext.xbase_2.26.0.v20220228-0758.jar:/home/k21050800/.eclipse/org.eclipse.platform_4.20.0_1819824045_linux_gtk_x86_64/plugins/org.eclipse.xtext.common.types_2.26.0.v20220228-0758.jar:/home/k21050800/.eclipse/org.eclipse.platform_4.20.0_1819824045_linux_gtk_x86_64/plugins/org.eclipse.xtend.lib_2.26.0.v20220228-0748.jar:/home/k21050800/.eclipse/org.eclipse.platform_4.20.0_1819824045_
Launcher Type: SUN_STANDARD

[Global flags]
     intx CICompilerCount                          = 4                                         {product} {ergonomic}
     uint ConcGCThreads                            = 2                                         {product} {ergonomic}
     uint G1ConcRefinementThreads                  = 8                                         {product} {ergonomic}
   size_t G1HeapRegionSize                         = 1048576                                   {product} {ergonomic}
    uintx GCDrainStackTargetSize                   = 64                                        {product} {ergonomic}
   size_t InitialHeapSize                          = 260046848                                 {product} {ergonomic}
   size_t MarkStackSize                            = 4194304                                   {product} {ergonomic}
   size_t MaxHeapSize                              = 4160749568                                {product} {ergonomic}
   size_t MaxNewSize                               = 2495610880                                {product} {ergonomic}
   size_t MinHeapDeltaBytes                        = 1048576                                   {product} {ergonomic}
    uintx NonNMethodCodeHeapSize                   = 5836300                                {pd product} {ergonomic}
    uintx NonProfiledCodeHeapSize                  = 122910970                              {pd product} {ergonomic}
    uintx ProfiledCodeHeapSize                     = 122910970                              {pd product} {ergonomic}
    uintx ReservedCodeCacheSize                    = 251658240                              {pd product} {ergonomic}
     bool SegmentedCodeCache                       = true                                      {product} {ergonomic}
     bool UseCompressedClassPointers               = true                                 {lp64_product} {ergonomic}
     bool UseCompressedOops                        = true                                 {lp64_product} {ergonomic}
     bool UseG1GC                                  = true                                      {product} {ergonomic}

Logging:
Log output configuration:
 #0: stdout all=warning uptime,level,tags
 #1: stderr all=off uptime,level,tags

Environment Variables:
PATH=/opt/anaconda3/condabin:/usr/local/sbin:/usr/local/bin:/usr/sbin:/usr/bin:/sbin:/bin:/usr/games:/usr/local/games:/snap/bin:/opt/puppetlabs/bin
USERNAME=k21050800
SHELL=/bin/bash
DISPLAY=:0
LANG=en_GB.UTF-8

Signal Handlers:
SIGSEGV: [libjvm.so+0xe94e20], sa_mask[0]=11111111011111111101111111111110, sa_flags=SA_RESTART|SA_SIGINFO
SIGBUS: [libjvm.so+0xe94e20], sa_mask[0]=11111111011111111101111111111110, sa_flags=SA_RESTART|SA_SIGINFO
SIGFPE: [libjvm.so+0xe94e20], sa_mask[0]=11111111011111111101111111111110, sa_flags=SA_RESTART|SA_SIGINFO
SIGPIPE: [libjvm.so+0xbdc9e0], sa_mask[0]=11111111011111111101111111111110, sa_flags=SA_RESTART|SA_SIGINFO
SIGXFSZ: [libjvm.so+0xbdc9e0], sa_mask[0]=11111111011111111101111111111110, sa_flags=SA_RESTART|SA_SIGINFO
SIGILL: [libjvm.so+0xe94e20], sa_mask[0]=11111111011111111101111111111110, sa_flags=SA_RESTART|SA_SIGINFO
SIGUSR2: [libjvm.so+0xbdc880], sa_mask[0]=00100000000000000000000000000000, sa_flags=SA_RESTART|SA_SIGINFO
SIGHUP: [libjvm.so+0xbdcd20], sa_mask[0]=11111111011111111101111111111110, sa_flags=SA_RESTART|SA_SIGINFO
SIGINT: [libjvm.so+0xbdcd20], sa_mask[0]=11111111011111111101111111111110, sa_flags=SA_RESTART|SA_SIGINFO
SIGTERM: [libjvm.so+0xbdcd20], sa_mask[0]=11111111011111111101111111111110, sa_flags=SA_RESTART|SA_SIGINFO
SIGQUIT: [libjvm.so+0xbdcd20], sa_mask[0]=11111111011111111101111111111110, sa_flags=SA_RESTART|SA_SIGINFO


---------------  S Y S T E M  ---------------

OS:DISTRIB_ID=Ubuntu
DISTRIB_RELEASE=20.04
DISTRIB_CODENAME=focal
DISTRIB_DESCRIPTION="Ubuntu 20.04.2 LTS"
uname:Linux 5.13.0-37-generic #42~20.04.1-Ubuntu SMP Tue Mar 15 15:44:28 UTC 2022 x86_64
OS uptime: 16 days 22:36 hours
libc:glibc 2.31 NPTL 2.31 
rlimit (soft/hard): STACK 8192k/infinity , CORE 0k/infinity , NPROC 63201/63201 , NOFILE 1048576/1048576 , AS infinity/infinity , CPU infinity/infinity , DATA infinity/infinity , FSIZE infinity/infinity , MEMLOCK 65536k/65536k
load average:1.52 1.41 0.85

/proc/meminfo:
MemTotal:       16246468 kB
MemFree:         4365120 kB
MemAvailable:   11579212 kB
Buffers:          979840 kB
Cached:          5911016 kB
SwapCached:            0 kB
Active:          3736396 kB
Inactive:        6131504 kB
Active(anon):      17480 kB
Inactive(anon):  3478432 kB
Active(file):    3718916 kB
Inactive(file):  2653072 kB
Unevictable:      496564 kB
Mlocked:           13224 kB
SwapTotal:       2097148 kB
SwapFree:        2097148 kB
Dirty:             24944 kB
Writeback:             0 kB
AnonPages:       3473608 kB
Mapped:           685388 kB
Shmem:            519300 kB
KReclaimable:    1177612 kB
Slab:            1364360 kB
SReclaimable:    1177612 kB
SUnreclaim:       186748 kB
KernelStack:       17072 kB
PageTables:        32832 kB
NFS_Unstable:          0 kB
Bounce:                0 kB
WritebackTmp:          0 kB
CommitLimit:    10220380 kB
Committed_AS:   10556844 kB
VmallocTotal:   34359738367 kB
VmallocUsed:       50184 kB
VmallocChunk:          0 kB
Percpu:            13632 kB
HardwareCorrupted:     0 kB
AnonHugePages:         0 kB
ShmemHugePages:        0 kB
ShmemPmdMapped:        0 kB
FileHugePages:         0 kB
FilePmdMapped:         0 kB
HugePages_Total:       0
HugePages_Free:        0
HugePages_Rsvd:        0
HugePages_Surp:        0
Hugepagesize:       2048 kB
Hugetlb:               0 kB
DirectMap4k:      497872 kB
DirectMap2M:    15091712 kB
DirectMap1G:     2097152 kB

/sys/kernel/mm/transparent_hugepage/enabled:
always [madvise] never
/sys/kernel/mm/transparent_hugepage/defrag (defrag/compaction efforts parameter):
always defer defer+madvise [madvise] never

Process Memory:
Virtual Size: 7515348K (peak: 15587612K)
Resident Set Size: 274284K (peak: 274284K) (anon: 244792K, file: 29492K, shmem: 0K)
Swapped out: 0K
C-Heap outstanding allocations: 53654K

/proc/sys/kernel/threads-max (system-wide limit on the number of threads):
126402
/proc/sys/vm/max_map_count (maximum number of memory map areas a process may have):
65530
/proc/sys/kernel/pid_max (system-wide limit on number of process identifiers):
4194304

container (cgroup) information:
container_type: cgroupv1
cpu_cpuset_cpus: 0-7
cpu_memory_nodes: 0
active_processor_count: 8
cpu_quota: -1
cpu_period: 100000
cpu_shares: -1
memory_limit_in_bytes: -1
memory_and_swap_limit_in_bytes: -1
memory_soft_limit_in_bytes: -1
memory_usage_in_bytes: 4047577088
memory_max_usage_in_bytes: 4827181056

Steal ticks since vm start: 0
Steal ticks percentage since vm start:  0.000

CPU:total 8 (initial active 8) (4 cores per cpu, 2 threads per core) family 6 model 158 stepping 9 microcode 0xea, cmov, cx8, fxsr, mmx, sse, sse2, sse3, ssse3, sse4.1, sse4.2, popcnt, avx, avx2, aes, clmul, erms, rtm, 3dnowpref, lzcnt, ht, tsc, tscinvbit, bmi1, bmi2, adx, fma
CPU Model and flags from /proc/cpuinfo:
model name	: Intel(R) Core(TM) i7-7700 CPU @ 3.60GHz
flags		: fpu vme de pse tsc msr pae mce cx8 apic sep mtrr pge mca cmov pat pse36 clflush dts acpi mmx fxsr sse sse2 ss ht tm pbe syscall nx pdpe1gb rdtscp lm constant_tsc art arch_perfmon pebs bts rep_good nopl xtopology nonstop_tsc cpuid aperfmperf pni pclmulqdq dtes64 monitor ds_cpl vmx smx est tm2 ssse3 sdbg fma cx16 xtpr pdcm pcid sse4_1 sse4_2 x2apic movbe popcnt tsc_deadline_timer aes xsave avx f16c rdrand lahf_lm abm 3dnowprefetch cpuid_fault epb invpcid_single pti ssbd ibrs ibpb stibp tpr_shadow vnmi flexpriority ept vpid ept_ad fsgsbase tsc_adjust bmi1 hle avx2 smep bmi2 erms invpcid rtm mpx rdseed adx smap clflushopt intel_pt xsaveopt xsavec xgetbv1 xsaves dtherm ida arat pln pts hwp hwp_notify hwp_act_window hwp_epp md_clear flush_l1d
Online cpus:
0-7
Offline cpus:

BIOS frequency limitation:
<Not Available>
Frequency switch latency (ns):
0
Available cpu frequencies:
<Not Available>
Current governor:
powersave
Core performance/turbo boost:
<Not Available>

Memory: 4k page, physical 16246468k(4365120k free), swap 2097148k(2097148k free)

vm_info: OpenJDK 64-Bit Server VM (11.0.14.1+1-Ubuntu-0ubuntu1.20.04) for linux-amd64 JRE (11.0.14.1+1-Ubuntu-0ubuntu1.20.04), built on Mar 27 2022 10:06:41 by "unknown" with gcc 9.4.0

END.
